Information	8/17/2021 7:26:57 AM	Microsoft-Windows-RPC	6	(2)	"Server RPC call started. 	InterfaceUuid: 	{1d3eb943-618e-54de-bc8d-0f79c492c25c} 	OpNum: 	0x10 	Protocol: 	LRPC 	Endpoint 	OLEE850E29EA3BCC532024C520960CA 	Authentication Level 	Packet Privacy 	Authentication Service 	Kernel"
Information	8/17/2021 7:26:57 AM	Microsoft-Windows-RPC	5	(1)	"Client RPC call started. 	InterfaceUuid: 	{1d3eb943-618e-54de-bc8d-0f79c492c25c} 	OpNum: 	0x10 	Protocol: 	LRPC 	NetworkAddress 	NULL 	Endpoint 	OLEE850E29EA3BCC532024C520960CA 	Binding Options 	NULL 	Authentication Level 	Packet Privacy 	Authentication Service 	Kernel Impersonation Level 	Identify"
Information	8/17/2021 7:26:57 AM	Microsoft-Windows-RPC	6	(2)	"Server RPC call started. 	InterfaceUuid: 	{bde95fdf-eee0-45de-9e12-e5a61cd0d4fe} 	OpNum: 	0x8 	Protocol: 	LRPC 	Endpoint 	TermSrvApi 	Authentication Level 	Packet Privacy 	Authentication Service 	Kernel"
Information	8/17/2021 7:26:57 AM	Microsoft-Windows-RPC	6	(2)	"Server RPC call started. 	InterfaceUuid: 	{e60c73e6-88f9-11cf-9af1-0020af6e72f4} 	OpNum: 	0x4 	Protocol: 	LRPC 	Endpoint 	epmapper 	Authentication Level 	Packet Privacy 	Authentication Service 	Kernel"
Information	8/17/2021 7:26:57 AM	Microsoft-Windows-RPC	5	(1)	"Client RPC call started. 	InterfaceUuid: 	{e60c73e6-88f9-11cf-9af1-0020af6e72f4} 	OpNum: 	0x4 	Protocol: 	LRPC 	NetworkAddress 	NULL 	Endpoint 	epmapper 	Binding Options 	NULL 	Authentication Level 	Packet Privacy 	Authentication Service 	Kernel Impersonation Level 	Impersonate"
Information	8/17/2021 7:26:57 AM	Microsoft-Windows-RPC	5	(1)	"Client RPC call started. 	InterfaceUuid: 	{bde95fdf-eee0-45de-9e12-e5a61cd0d4fe} 	OpNum: 	0x8 	Protocol: 	LRPC 	NetworkAddress 	NULL 	Endpoint 	TermSrvApi 	Binding Options 	NULL 	Authentication Level 	Packet Privacy 	Authentication Service 	Kernel Impersonation Level 	Impersonate"
Information	8/17/2021 7:26:57 AM	Microsoft-Windows-RPC	6	(2)	"Server RPC call started. 	InterfaceUuid: 	{00000134-0000-0000-c000-000000000046} 	OpNum: 	0x5 	Protocol: 	LRPC 	Endpoint 	OLEE850E29EA3BCC532024C520960CA 	Authentication Level 	Packet Privacy 	Authentication Service 	Kernel"
Information	8/17/2021 7:26:57 AM	Microsoft-Windows-RPC	5	(1)	"Client RPC call started. 	InterfaceUuid: 	{00000134-0000-0000-c000-000000000046} 	OpNum: 	0x5 	Protocol: 	LRPC 	NetworkAddress 	NULL 	Endpoint 	OLEE850E29EA3BCC532024C520960CA 	Binding Options 	NULL 	Authentication Level 	Packet Privacy 	Authentication Service 	Kernel Impersonation Level 	Identify"
Information	8/17/2021 7:26:57 AM	Microsoft-Windows-RPC	6	(2)	"Server RPC call started. 	InterfaceUuid: 	{88143fd0-c28d-4b2b-8fef-8d882f6a9390} 	OpNum: 	0x5 	Protocol: 	LRPC 	Endpoint 	LSMApi 	Authentication Level 	Packet Privacy 	Authentication Service 	Kernel"
Information	8/17/2021 7:26:57 AM	Microsoft-Windows-RPC	5	(1)	"Client RPC call started. 	InterfaceUuid: 	{88143fd0-c28d-4b2b-8fef-8d882f6a9390} 	OpNum: 	0x5 	Protocol: 	LRPC 	NetworkAddress 	NULL 	Endpoint 	LSMApi 	Binding Options 	NULL 	Authentication Level 	Packet Privacy 	Authentication Service 	Kernel Impersonation Level 	Impersonate"
Information	8/17/2021 7:26:57 AM	Microsoft-Windows-RPC	6	(2)	"Server RPC call started. 	InterfaceUuid: 	{00000134-0000-0000-c000-000000000046} 	OpNum: 	0x3 	Protocol: 	LRPC 	Endpoint 	OLEE850E29EA3BCC532024C520960CA 	Authentication Level 	Packet Privacy 	Authentication Service 	Kernel"
Information	8/17/2021 7:26:57 AM	Microsoft-Windows-RPC	5	(1)	"Client RPC call started. 	InterfaceUuid: 	{00000134-0000-0000-c000-000000000046} 	OpNum: 	0x3 	Protocol: 	LRPC 	NetworkAddress 	NULL 	Endpoint 	OLEE850E29EA3BCC532024C520960CA 	Binding Options 	NULL 	Authentication Level 	Packet Privacy 	Authentication Service 	Kernel Impersonation Level 	Identify"
Information	8/17/2021 7:26:57 AM	Microsoft-Windows-RPC	6	(2)	"Server RPC call started. 	InterfaceUuid: 	{88143fd0-c28d-4b2b-8fef-8d882f6a9390} 	OpNum: 	0x0 	Protocol: 	LRPC 	Endpoint 	LSMApi 	Authentication Level 	Packet Privacy 	Authentication Service 	Kernel"
Information	8/17/2021 7:26:57 AM	Microsoft-Windows-RPC	5	(1)	"Client RPC call started. 	InterfaceUuid: 	{88143fd0-c28d-4b2b-8fef-8d882f6a9390} 	OpNum: 	0x0 	Protocol: 	LRPC 	NetworkAddress 	NULL 	Endpoint 	LSMApi 	Binding Options 	NULL 	Authentication Level 	Packet Privacy 	Authentication Service 	Kernel Impersonation Level 	Impersonate"
Information	8/17/2021 7:26:57 AM	Microsoft-Windows-RPC	6	(2)	"Server RPC call started. 	InterfaceUuid: 	{e60c73e6-88f9-11cf-9af1-0020af6e72f4} 	OpNum: 	0x4 	Protocol: 	LRPC 	Endpoint 	epmapper 	Authentication Level 	Packet Privacy 	Authentication Service 	Kernel"
Information	8/17/2021 7:26:57 AM	Microsoft-Windows-RPC	5	(1)	"Client RPC call started. 	InterfaceUuid: 	{e60c73e6-88f9-11cf-9af1-0020af6e72f4} 	OpNum: 	0x4 	Protocol: 	LRPC 	NetworkAddress 	NULL 	Endpoint 	epmapper 	Binding Options 	NULL 	Authentication Level 	Packet Privacy 	Authentication Service 	Kernel Impersonation Level 	Impersonate"
Information	8/17/2021 7:26:57 AM	Microsoft-Windows-RPC	6	(2)	"Server RPC call started. 	InterfaceUuid: 	{00000035-0000-0000-c000-000000000046} 	OpNum: 	0x6 	Protocol: 	LRPC 	Endpoint 	OLEE850E29EA3BCC532024C520960CA 	Authentication Level 	Packet Privacy 	Authentication Service 	Kernel"
Information	8/17/2021 7:26:57 AM	Microsoft-Windows-RPC	6	(2)	"Server RPC call started. 	InterfaceUuid: 	{00000134-0000-0000-c000-000000000046} 	OpNum: 	0x5 	Protocol: 	LRPC 	Endpoint 	OLE9FF44EB366DDC413A5E3AE131888 	Authentication Level 	Packet Privacy 	Authentication Service 	Kernel"
Information	8/17/2021 7:26:57 AM	Microsoft-Windows-RPC	5	(1)	"Client RPC call started. 	InterfaceUuid: 	{00000035-0000-0000-c000-000000000046} 	OpNum: 	0x6 	Protocol: 	LRPC 	NetworkAddress 	NULL 	Endpoint 	OLEE850E29EA3BCC532024C520960CA 	Binding Options 	NULL 	Authentication Level 	Packet Privacy 	Authentication Service 	Kernel Impersonation Level 	Identify"
Information	8/17/2021 7:26:57 AM	Microsoft-Windows-RPC	5	(1)	"Client RPC call started. 	InterfaceUuid: 	{00000134-0000-0000-c000-000000000046} 	OpNum: 	0x5 	Protocol: 	LRPC 	NetworkAddress 	NULL 	Endpoint 	OLE9FF44EB366DDC413A5E3AE131888 	Binding Options 	NULL 	Authentication Level 	Packet Privacy 	Authentication Service 	Kernel Impersonation Level 	Identify"
Information	8/17/2021 7:26:57 AM	Microsoft-Windows-RPC	6	(2)	"Server RPC call started. 	InterfaceUuid: 	{e60c73e6-88f9-11cf-9af1-0020af6e72f4} 	OpNum: 	0x4 	Protocol: 	LRPC 	Endpoint 	epmapper 	Authentication Level 	Packet Privacy 	Authentication Service 	Kernel"
Information	8/17/2021 7:26:57 AM	Microsoft-Windows-RPC	5	(1)	"Client RPC call started. 	InterfaceUuid: 	{e60c73e6-88f9-11cf-9af1-0020af6e72f4} 	OpNum: 	0x4 	Protocol: 	LRPC 	NetworkAddress 	NULL 	Endpoint 	epmapper 	Binding Options 	NULL 	Authentication Level 	Packet Privacy 	Authentication Service 	Kernel Impersonation Level 	Impersonate"
Information	8/17/2021 7:26:57 AM	Microsoft-Windows-RPC	6	(2)	"Server RPC call started. 	InterfaceUuid: 	{00000134-0000-0000-c000-000000000046} 	OpNum: 	0x3 	Protocol: 	LRPC 	Endpoint 	OLE9FF44EB366DDC413A5E3AE131888 	Authentication Level 	Packet Privacy 	Authentication Service 	Kernel"
Information	8/17/2021 7:26:57 AM	Microsoft-Windows-RPC	5	(1)	"Client RPC call started. 	InterfaceUuid: 	{00000134-0000-0000-c000-000000000046} 	OpNum: 	0x3 	Protocol: 	LRPC 	NetworkAddress 	NULL 	Endpoint 	OLE9FF44EB366DDC413A5E3AE131888 	Binding Options 	NULL 	Authentication Level 	Packet Privacy 	Authentication Service 	Kernel Impersonation Level 	Identify"
Information	8/17/2021 7:26:57 AM	Microsoft-Windows-RPC	6	(2)	"Server RPC call started. 	InterfaceUuid: 	{a1b7de7a-4e77-43db-ae78-96fc182fed4a} 	OpNum: 	0xE 	Protocol: 	LRPC 	Endpoint 	OLE9FF44EB366DDC413A5E3AE131888 	Authentication Level 	Packet Privacy 	Authentication Service 	Kernel"
Information	8/17/2021 7:26:57 AM	Microsoft-Windows-RPC	5	(1)	"Client RPC call started. 	InterfaceUuid: 	{a1b7de7a-4e77-43db-ae78-96fc182fed4a} 	OpNum: 	0xE 	Protocol: 	LRPC 	NetworkAddress 	NULL 	Endpoint 	OLE9FF44EB366DDC413A5E3AE131888 	Binding Options 	NULL 	Authentication Level 	Packet Privacy 	Authentication Service 	Kernel Impersonation Level 	Identify"
Information	8/17/2021 7:26:57 AM	Microsoft-Windows-RPC	6	(2)	"Server RPC call started. 	InterfaceUuid: 	{00000134-0000-0000-c000-000000000046} 	OpNum: 	0x5 	Protocol: 	LRPC 	Endpoint 	OLE6DAE6D441C6DB15C9F7165B5F42F 	Authentication Level 	Packet Privacy 	Authentication Service 	Kernel"
Information	8/17/2021 7:26:57 AM	Microsoft-Windows-RPC	6	(2)	"Server RPC call started. 	InterfaceUuid: 	{7d9e3ea7-6282-4735-8d4e-aa45f90f6723} 	OpNum: 	0x6 	Protocol: 	LRPC 	Endpoint 	OLE36D24F92202AED4D77B24724AE33 	Authentication Level 	Packet Privacy 	Authentication Service 	Kernel"
Information	8/17/2021 7:26:57 AM	Microsoft-Windows-RPC	5	(1)	"Client RPC call started. 	InterfaceUuid: 	{00000134-0000-0000-c000-000000000046} 	OpNum: 	0x5 	Protocol: 	LRPC 	NetworkAddress 	NULL 	Endpoint 	OLE6DAE6D441C6DB15C9F7165B5F42F 	Binding Options 	NULL 	Authentication Level 	Packet Privacy 	Authentication Service 	Kernel Impersonation Level 	Identify"
Information	8/17/2021 7:26:57 AM	Microsoft-Windows-RPC	5	(1)	"Client RPC call started. 	InterfaceUuid: 	{7d9e3ea7-6282-4735-8d4e-aa45f90f6723} 	OpNum: 	0x6 	Protocol: 	LRPC 	NetworkAddress 	NULL 	Endpoint 	OLE36D24F92202AED4D77B24724AE33 	Binding Options 	NULL 	Authentication Level 	Packet Privacy 	Authentication Service 	Kernel Impersonation Level 	Identify"
Information	8/17/2021 7:26:57 AM	Microsoft-Windows-RPC	6	(2)	"Server RPC call started. 	InterfaceUuid: 	{00000132-0000-0000-c000-000000000046} 	OpNum: 	0x4 	Protocol: 	LRPC 	Endpoint 	OLEE850E29EA3BCC532024C520960CA 	Authentication Level 	Packet Privacy 	Authentication Service 	Kernel"
Information	8/17/2021 7:26:57 AM	Microsoft-Windows-RPC	6	(2)	"Server RPC call started. 	InterfaceUuid: 	{00000134-0000-0000-c000-000000000046} 	OpNum: 	0x3 	Protocol: 	LRPC 	Endpoint 	OLE36D24F92202AED4D77B24724AE33 	Authentication Level 	Packet Privacy 	Authentication Service 	Kernel"
Information	8/17/2021 7:26:57 AM	Microsoft-Windows-RPC	5	(1)	"Client RPC call started. 	InterfaceUuid: 	{00000132-0000-0000-c000-000000000046} 	OpNum: 	0x4 	Protocol: 	LRPC 	NetworkAddress 	NULL 	Endpoint 	OLEE850E29EA3BCC532024C520960CA 	Binding Options 	NULL 	Authentication Level 	Packet Privacy 	Authentication Service 	Kernel Impersonation Level 	Impersonate"
Information	8/17/2021 7:26:57 AM	Microsoft-Windows-RPC	5	(1)	"Client RPC call started. 	InterfaceUuid: 	{00000134-0000-0000-c000-000000000046} 	OpNum: 	0x3 	Protocol: 	LRPC 	NetworkAddress 	NULL 	Endpoint 	OLE36D24F92202AED4D77B24724AE33 	Binding Options 	NULL 	Authentication Level 	Packet Privacy 	Authentication Service 	Kernel Impersonation Level 	Identify"
Information	8/17/2021 7:26:57 AM	Microsoft-Windows-RPC	6	(2)	"Server RPC call started. 	InterfaceUuid: 	{4d10b48b-c531-4731-9bde-b03c28e9c61c} 	OpNum: 	0xB 	Protocol: 	LRPC 	Endpoint 	OLE6DAE6D441C6DB15C9F7165B5F42F 	Authentication Level 	Packet Privacy 	Authentication Service 	Kernel"
Information	8/17/2021 7:26:57 AM	Microsoft-Windows-RPC	5	(1)	"Client RPC call started. 	InterfaceUuid: 	{4d10b48b-c531-4731-9bde-b03c28e9c61c} 	OpNum: 	0xB 	Protocol: 	LRPC 	NetworkAddress 	NULL 	Endpoint 	OLE6DAE6D441C6DB15C9F7165B5F42F 	Binding Options 	NULL 	Authentication Level 	Packet Privacy 	Authentication Service 	Kernel Impersonation Level 	Identify"
Information	8/17/2021 7:26:57 AM	Microsoft-Windows-RPC	6	(2)	"Server RPC call started. 	InterfaceUuid: 	{e60c73e6-88f9-11cf-9af1-0020af6e72f4} 	OpNum: 	0x4 	Protocol: 	LRPC 	Endpoint 	epmapper 	Authentication Level 	Packet Privacy 	Authentication Service 	Kernel"
Information	8/17/2021 7:26:57 AM	Microsoft-Windows-RPC	6	(2)	"Server RPC call started. 	InterfaceUuid: 	{a1b7de7a-4e77-43db-ae78-96fc182fed4a} 	OpNum: 	0x13 	Protocol: 	LRPC 	Endpoint 	OLE9FF44EB366DDC413A5E3AE131888 	Authentication Level 	Packet Privacy 	Authentication Service 	Kernel"
Information	8/17/2021 7:26:57 AM	Microsoft-Windows-RPC	5	(1)	"Client RPC call started. 	InterfaceUuid: 	{e60c73e6-88f9-11cf-9af1-0020af6e72f4} 	OpNum: 	0x4 	Protocol: 	LRPC 	NetworkAddress 	NULL 	Endpoint 	epmapper 	Binding Options 	NULL 	Authentication Level 	Packet Privacy 	Authentication Service 	Kernel Impersonation Level 	Impersonate"
Information	8/17/2021 7:26:57 AM	Microsoft-Windows-RPC	5	(1)	"Client RPC call started. 	InterfaceUuid: 	{a1b7de7a-4e77-43db-ae78-96fc182fed4a} 	OpNum: 	0x13 	Protocol: 	LRPC 	NetworkAddress 	NULL 	Endpoint 	OLE9FF44EB366DDC413A5E3AE131888 	Binding Options 	NULL 	Authentication Level 	Packet Privacy 	Authentication Service 	Kernel Impersonation Level 	Identify"
Information	8/17/2021 7:26:57 AM	Microsoft-Windows-RPC	6	(2)	"Server RPC call started. 	InterfaceUuid: 	{959c5a99-177c-478e-8c3b-77e07e9bf3aa} 	OpNum: 	0x3 	Protocol: 	LRPC 	Endpoint 	OLE9FF44EB366DDC413A5E3AE131888 	Authentication Level 	Packet Privacy 	Authentication Service 	Kernel"
Information	8/17/2021 7:26:57 AM	Microsoft-Windows-RPC	5	(1)	"Client RPC call started. 	InterfaceUuid: 	{959c5a99-177c-478e-8c3b-77e07e9bf3aa} 	OpNum: 	0x3 	Protocol: 	LRPC 	NetworkAddress 	NULL 	Endpoint 	OLE9FF44EB366DDC413A5E3AE131888 	Binding Options 	NULL 	Authentication Level 	Packet Privacy 	Authentication Service 	Kernel Impersonation Level 	Identify"
Information	8/17/2021 7:26:57 AM	Microsoft-Windows-RPC	6	(2)	"Server RPC call started. 	InterfaceUuid: 	{bde95fdf-eee0-45de-9e12-e5a61cd0d4fe} 	OpNum: 	0x9 	Protocol: 	LRPC 	Endpoint 	TermSrvApi 	Authentication Level 	Packet Privacy 	Authentication Service 	Kernel"
Information	8/17/2021 7:26:57 AM	Microsoft-Windows-RPC	5	(1)	"Client RPC call started. 	InterfaceUuid: 	{bde95fdf-eee0-45de-9e12-e5a61cd0d4fe} 	OpNum: 	0x9 	Protocol: 	LRPC 	NetworkAddress 	NULL 	Endpoint 	TermSrvApi 	Binding Options 	NULL 	Authentication Level 	Packet Privacy 	Authentication Service 	Kernel Impersonation Level 	Impersonate"
Information	8/17/2021 7:26:57 AM	Microsoft-Windows-RPC	6	(2)	"Server RPC call started. 	InterfaceUuid: 	{00000136-0000-0000-c000-000000000046} 	OpNum: 	0x4 	Protocol: 	LRPC 	Endpoint 	epmapper 	Authentication Level 	Packet Privacy 	Authentication Service 	Kernel"
Information	8/17/2021 7:26:57 AM	Microsoft-Windows-RPC	6	(2)	"Server RPC call started. 	InterfaceUuid: 	{484809d6-4239-471b-b5bc-61df8c23ac48} 	OpNum: 	0xC 	Protocol: 	LRPC 	Endpoint 	LSMApi 	Authentication Level 	Packet Privacy 	Authentication Service 	Kernel"
Information	8/17/2021 7:26:57 AM	Microsoft-Windows-RPC	5	(1)	"Client RPC call started. 	InterfaceUuid: 	{484809d6-4239-471b-b5bc-61df8c23ac48} 	OpNum: 	0xC 	Protocol: 	LRPC 	NetworkAddress 	NULL 	Endpoint 	LSMApi 	Binding Options 	NULL 	Authentication Level 	Packet Privacy 	Authentication Service 	Kernel Impersonation Level 	Impersonate"
Information	8/17/2021 7:26:57 AM	Microsoft-Windows-RPC	6	(2)	"Server RPC call started. 	InterfaceUuid: 	{00000132-0000-0000-c000-000000000046} 	OpNum: 	0x3 	Protocol: 	LRPC 	Endpoint 	OLE36D24F92202AED4D77B24724AE33 	Authentication Level 	Packet Privacy 	Authentication Service 	Kernel"
Information	8/17/2021 7:26:57 AM	Microsoft-Windows-RPC	5	(1)	"Client RPC call started. 	InterfaceUuid: 	{00000132-0000-0000-c000-000000000046} 	OpNum: 	0x3 	Protocol: 	LRPC 	NetworkAddress 	NULL 	Endpoint 	OLE36D24F92202AED4D77B24724AE33 	Binding Options 	NULL 	Authentication Level 	Packet Privacy 	Authentication Service 	Kernel Impersonation Level 	Impersonate"
Information	8/17/2021 7:26:57 AM	Microsoft-Windows-RPC	6	(2)	"Server RPC call started. 	InterfaceUuid: 	{88143fd0-c28d-4b2b-8fef-8d882f6a9390} 	OpNum: 	0x1 	Protocol: 	LRPC 	Endpoint 	LSMApi 	Authentication Level 	Packet Privacy 	Authentication Service 	Kernel"
Information	8/17/2021 7:26:57 AM	Microsoft-Windows-RPC	5	(1)	"Client RPC call started. 	InterfaceUuid: 	{00000136-0000-0000-c000-000000000046} 	OpNum: 	0x4 	Protocol: 	LRPC 	NetworkAddress 	NULL 	Endpoint 	epmapper 	Binding Options 	NULL 	Authentication Level 	Packet Privacy 	Authentication Service 	Kernel Impersonation Level 	Impersonate"
Information	8/17/2021 7:26:57 AM	Microsoft-Windows-RPC	5	(1)	"Client RPC call started. 	InterfaceUuid: 	{88143fd0-c28d-4b2b-8fef-8d882f6a9390} 	OpNum: 	0x1 	Protocol: 	LRPC 	NetworkAddress 	NULL 	Endpoint 	LSMApi 	Binding Options 	NULL 	Authentication Level 	Packet Privacy 	Authentication Service 	Kernel Impersonation Level 	Impersonate"
Information	8/17/2021 7:26:57 AM	Microsoft-Windows-RPC	6	(2)	"Server RPC call started. 	InterfaceUuid: 	{9b8699ae-0e44-47b1-8e7f-86a461d7ecdc} 	OpNum: 	0x13 	Protocol: 	LRPC 	Endpoint 	actkernel 	Authentication Level 	Packet Privacy 	Authentication Service 	Kernel"
Information	8/17/2021 7:26:57 AM	Microsoft-Windows-RPC	5	(1)	"Client RPC call started. 	InterfaceUuid: 	{9b8699ae-0e44-47b1-8e7f-86a461d7ecdc} 	OpNum: 	0x13 	Protocol: 	LRPC 	NetworkAddress 	NULL 	Endpoint 	actkernel 	Binding Options 	NULL 	Authentication Level 	Packet Privacy 	Authentication Service 	Kernel Impersonation Level 	Impersonate"
Information	8/17/2021 7:26:57 AM	Microsoft-Windows-RPC	6	(2)	"Server RPC call started. 	InterfaceUuid: 	{bde95fdf-eee0-45de-9e12-e5a61cd0d4fe} 	OpNum: 	0x8 	Protocol: 	LRPC 	Endpoint 	TermSrvApi 	Authentication Level 	Packet Privacy 	Authentication Service 	Kernel"
Information	8/17/2021 7:26:57 AM	Microsoft-Windows-RPC	6	(2)	"Server RPC call started. 	InterfaceUuid: 	{367abb81-9844-35f1-ad32-98f038001003} 	OpNum: 	0x0 	Protocol: 	LRPC 	Endpoint 	ntsvcs 	Authentication Level 	Packet Privacy 	Authentication Service 	Kernel"
Information	8/17/2021 7:26:57 AM	Microsoft-Windows-RPC	5	(1)	"Client RPC call started. 	InterfaceUuid: 	{bde95fdf-eee0-45de-9e12-e5a61cd0d4fe} 	OpNum: 	0x8 	Protocol: 	LRPC 	NetworkAddress 	NULL 	Endpoint 	TermSrvApi 	Binding Options 	NULL 	Authentication Level 	Packet Privacy 	Authentication Service 	Kernel Impersonation Level 	Impersonate"
Information	8/17/2021 7:26:57 AM	Microsoft-Windows-RPC	5	(1)	"Client RPC call started. 	InterfaceUuid: 	{367abb81-9844-35f1-ad32-98f038001003} 	OpNum: 	0x0 	Protocol: 	LRPC 	NetworkAddress 	NULL 	Endpoint 	ntsvcs 	Binding Options 	NULL 	Authentication Level 	Packet Privacy 	Authentication Service 	Kernel Impersonation Level 	Impersonate"
Information	8/17/2021 7:26:57 AM	Microsoft-Windows-RPC	6	(2)	"Server RPC call started. 	InterfaceUuid: 	{88143fd0-c28d-4b2b-8fef-8d882f6a9390} 	OpNum: 	0x5 	Protocol: 	LRPC 	Endpoint 	LSMApi 	Authentication Level 	Packet Privacy 	Authentication Service 	Kernel"
Information	8/17/2021 7:26:57 AM	Microsoft-Windows-RPC	5	(1)	"Client RPC call started. 	InterfaceUuid: 	{88143fd0-c28d-4b2b-8fef-8d882f6a9390} 	OpNum: 	0x5 	Protocol: 	LRPC 	NetworkAddress 	NULL 	Endpoint 	LSMApi 	Binding Options 	NULL 	Authentication Level 	Packet Privacy 	Authentication Service 	Kernel Impersonation Level 	Impersonate"
Information	8/17/2021 7:26:57 AM	Microsoft-Windows-RPC	6	(2)	"Server RPC call started. 	InterfaceUuid: 	{b18fbab6-56f8-4702-84e0-41053293a869} 	OpNum: 	0x0 	Protocol: 	LRPC 	Endpoint 	LRPC-dfc132047f595ff2b1 	Authentication Level 	Packet Privacy 	Authentication Service 	Kernel"
Information	8/17/2021 7:26:57 AM	Microsoft-Windows-RPC	6	(2)	"Server RPC call started. 	InterfaceUuid: 	{88143fd0-c28d-4b2b-8fef-8d882f6a9390} 	OpNum: 	0x0 	Protocol: 	LRPC 	Endpoint 	LSMApi 	Authentication Level 	Packet Privacy 	Authentication Service 	Kernel"
Information	8/17/2021 7:26:57 AM	Microsoft-Windows-RPC	5	(1)	"Client RPC call started. 	InterfaceUuid: 	{b18fbab6-56f8-4702-84e0-41053293a869} 	OpNum: 	0x0 	Protocol: 	LRPC 	NetworkAddress 	NULL 	Endpoint 	LRPC-dfc132047f595ff2b1 	Binding Options 	NULL 	Authentication Level 	Packet Privacy 	Authentication Service 	Kernel Impersonation Level 	Impersonate"
Information	8/17/2021 7:26:57 AM	Microsoft-Windows-RPC	5	(1)	"Client RPC call started. 	InterfaceUuid: 	{88143fd0-c28d-4b2b-8fef-8d882f6a9390} 	OpNum: 	0x0 	Protocol: 	LRPC 	NetworkAddress 	NULL 	Endpoint 	LSMApi 	Binding Options 	NULL 	Authentication Level 	Packet Privacy 	Authentication Service 	Kernel Impersonation Level 	Impersonate"
Information	8/17/2021 7:26:57 AM	Microsoft-Windows-RPC	6	(2)	"Server RPC call started. 	InterfaceUuid: 	{367abb81-9844-35f1-ad32-98f038001003} 	OpNum: 	0x3B 	Protocol: 	LRPC 	Endpoint 	ntsvcs 	Authentication Level 	Packet Privacy 	Authentication Service 	Kernel"
Information	8/17/2021 7:26:57 AM	Microsoft-Windows-RPC	5	(1)	"Client RPC call started. 	InterfaceUuid: 	{367abb81-9844-35f1-ad32-98f038001003} 	OpNum: 	0x3B 	Protocol: 	LRPC 	NetworkAddress 	NULL 	Endpoint 	ntsvcs 	Binding Options 	NULL 	Authentication Level 	Packet Privacy 	Authentication Service 	Kernel Impersonation Level 	Impersonate"
Information	8/17/2021 7:26:57 AM	Microsoft-Windows-RPC	6	(2)	"Server RPC call started. 	InterfaceUuid: 	{367abb81-9844-35f1-ad32-98f038001003} 	OpNum: 	0x40 	Protocol: 	LRPC 	Endpoint 	ntsvcs 	Authentication Level 	Packet Privacy 	Authentication Service 	Kernel"
Information	8/17/2021 7:26:57 AM	Microsoft-Windows-RPC	5	(1)	"Client RPC call started. 	InterfaceUuid: 	{367abb81-9844-35f1-ad32-98f038001003} 	OpNum: 	0x40 	Protocol: 	LRPC 	NetworkAddress 	NULL 	Endpoint 	ntsvcs 	Binding Options 	NULL 	Authentication Level 	Packet Privacy 	Authentication Service 	Kernel Impersonation Level 	Impersonate"
Information	8/17/2021 7:26:57 AM	Microsoft-Windows-RPC	6	(2)	"Server RPC call started. 	InterfaceUuid: 	{2949282e-cf0e-4664-abcf-e6f686b128e1} 	OpNum: 	0x6 	Protocol: 	LRPC 	Endpoint 	OLE36D24F92202AED4D77B24724AE33 	Authentication Level 	Packet Privacy 	Authentication Service 	Kernel"
Information	8/17/2021 7:26:57 AM	Microsoft-Windows-RPC	6	(2)	"Server RPC call started. 	InterfaceUuid: 	{367abb81-9844-35f1-ad32-98f038001003} 	OpNum: 	0x0 	Protocol: 	LRPC 	Endpoint 	ntsvcs 	Authentication Level 	Packet Privacy 	Authentication Service 	Kernel"
Information	8/17/2021 7:26:57 AM	Microsoft-Windows-RPC	5	(1)	"Client RPC call started. 	InterfaceUuid: 	{2949282e-cf0e-4664-abcf-e6f686b128e1} 	OpNum: 	0x6 	Protocol: 	LRPC 	NetworkAddress 	NULL 	Endpoint 	OLE36D24F92202AED4D77B24724AE33 	Binding Options 	NULL 	Authentication Level 	Packet Privacy 	Authentication Service 	Kernel Impersonation Level 	Identify"
Information	8/17/2021 7:26:57 AM	Microsoft-Windows-RPC	5	(1)	"Client RPC call started. 	InterfaceUuid: 	{367abb81-9844-35f1-ad32-98f038001003} 	OpNum: 	0x0 	Protocol: 	LRPC 	NetworkAddress 	NULL 	Endpoint 	ntsvcs 	Binding Options 	NULL 	Authentication Level 	Packet Privacy 	Authentication Service 	Kernel Impersonation Level 	Impersonate"
Information	8/17/2021 7:26:57 AM	Microsoft-Windows-RPC	6	(2)	"Server RPC call started. 	InterfaceUuid: 	{00000134-0000-0000-c000-000000000046} 	OpNum: 	0x5 	Protocol: 	LRPC 	Endpoint 	OLE36D24F92202AED4D77B24724AE33 	Authentication Level 	Packet Privacy 	Authentication Service 	Kernel"
Information	8/17/2021 7:26:57 AM	Microsoft-Windows-RPC	5	(1)	"Client RPC call started. 	InterfaceUuid: 	{00000134-0000-0000-c000-000000000046} 	OpNum: 	0x5 	Protocol: 	LRPC 	NetworkAddress 	NULL 	Endpoint 	OLE36D24F92202AED4D77B24724AE33 	Binding Options 	NULL 	Authentication Level 	Packet Privacy 	Authentication Service 	Kernel Impersonation Level 	Identify"
Information	8/17/2021 7:26:57 AM	Microsoft-Windows-RPC	6	(2)	"Server RPC call started. 	InterfaceUuid: 	{00000134-0000-0000-c000-000000000046} 	OpNum: 	0x5 	Protocol: 	LRPC 	Endpoint 	OLE36D24F92202AED4D77B24724AE33 	Authentication Level 	Packet Privacy 	Authentication Service 	Kernel"
Information	8/17/2021 7:26:57 AM	Microsoft-Windows-RPC	5	(1)	"Client RPC call started. 	InterfaceUuid: 	{00000134-0000-0000-c000-000000000046} 	OpNum: 	0x5 	Protocol: 	LRPC 	NetworkAddress 	NULL 	Endpoint 	OLE36D24F92202AED4D77B24724AE33 	Binding Options 	NULL 	Authentication Level 	Packet Privacy 	Authentication Service 	Kernel Impersonation Level 	Identify"
Information	8/17/2021 7:26:57 AM	Microsoft-Windows-RPC	6	(2)	"Server RPC call started. 	InterfaceUuid: 	{b18fbab6-56f8-4702-84e0-41053293a869} 	OpNum: 	0x0 	Protocol: 	LRPC 	Endpoint 	LRPC-dfc132047f595ff2b1 	Authentication Level 	Packet Privacy 	Authentication Service 	Kernel"
Information	8/17/2021 7:26:57 AM	Microsoft-Windows-RPC	6	(2)	"Server RPC call started. 	InterfaceUuid: 	{00000134-0000-0000-c000-000000000046} 	OpNum: 	0x5 	Protocol: 	LRPC 	Endpoint 	OLE36D24F92202AED4D77B24724AE33 	Authentication Level 	Packet Privacy 	Authentication Service 	Kernel"
Information	8/17/2021 7:26:57 AM	Microsoft-Windows-RPC	5	(1)	"Client RPC call started. 	InterfaceUuid: 	{b18fbab6-56f8-4702-84e0-41053293a869} 	OpNum: 	0x0 	Protocol: 	LRPC 	NetworkAddress 	NULL 	Endpoint 	LRPC-dfc132047f595ff2b1 	Binding Options 	NULL 	Authentication Level 	Packet Privacy 	Authentication Service 	Kernel Impersonation Level 	Impersonate"
Information	8/17/2021 7:26:57 AM	Microsoft-Windows-RPC	5	(1)	"Client RPC call started. 	InterfaceUuid: 	{00000134-0000-0000-c000-000000000046} 	OpNum: 	0x5 	Protocol: 	LRPC 	NetworkAddress 	NULL 	Endpoint 	OLE36D24F92202AED4D77B24724AE33 	Binding Options 	NULL 	Authentication Level 	Packet Privacy 	Authentication Service 	Kernel Impersonation Level 	Identify"
Information	8/17/2021 7:26:57 AM	Microsoft-Windows-RPC	6	(2)	"Server RPC call started. 	InterfaceUuid: 	{367abb81-9844-35f1-ad32-98f038001003} 	OpNum: 	0x3B 	Protocol: 	LRPC 	Endpoint 	ntsvcs 	Authentication Level 	Packet Privacy 	Authentication Service 	Kernel"
Information	8/17/2021 7:26:57 AM	Microsoft-Windows-RPC	6	(2)	"Server RPC call started. 	InterfaceUuid: 	{e60c73e6-88f9-11cf-9af1-0020af6e72f4} 	OpNum: 	0x4 	Protocol: 	LRPC 	Endpoint 	epmapper 	Authentication Level 	Packet Privacy 	Authentication Service 	Kernel"
Information	8/17/2021 7:26:57 AM	Microsoft-Windows-RPC	5	(1)	"Client RPC call started. 	InterfaceUuid: 	{e60c73e6-88f9-11cf-9af1-0020af6e72f4} 	OpNum: 	0x4 	Protocol: 	LRPC 	NetworkAddress 	NULL 	Endpoint 	epmapper 	Binding Options 	NULL 	Authentication Level 	Packet Privacy 	Authentication Service 	Kernel Impersonation Level 	Impersonate"
Information	8/17/2021 7:26:57 AM	Microsoft-Windows-RPC	5	(1)	"Client RPC call started. 	InterfaceUuid: 	{367abb81-9844-35f1-ad32-98f038001003} 	OpNum: 	0x3B 	Protocol: 	LRPC 	NetworkAddress 	NULL 	Endpoint 	ntsvcs 	Binding Options 	NULL 	Authentication Level 	Packet Privacy 	Authentication Service 	Kernel Impersonation Level 	Impersonate"
Information	8/17/2021 7:26:57 AM	Microsoft-Windows-RPC	6	(2)	"Server RPC call started. 	InterfaceUuid: 	{00000134-0000-0000-c000-000000000046} 	OpNum: 	0x5 	Protocol: 	LRPC 	Endpoint 	OLE63FFBEA2F1D309FD5C795AD9C3C5 	Authentication Level 	Packet Privacy 	Authentication Service 	Kernel"
Information	8/17/2021 7:26:57 AM	Microsoft-Windows-RPC	6	(2)	"Server RPC call started. 	InterfaceUuid: 	{367abb81-9844-35f1-ad32-98f038001003} 	OpNum: 	0x40 	Protocol: 	LRPC 	Endpoint 	ntsvcs 	Authentication Level 	Packet Privacy 	Authentication Service 	Kernel"
Information	8/17/2021 7:26:57 AM	Microsoft-Windows-RPC	5	(1)	"Client RPC call started. 	InterfaceUuid: 	{00000134-0000-0000-c000-000000000046} 	OpNum: 	0x5 	Protocol: 	LRPC 	NetworkAddress 	NULL 	Endpoint 	\Sessions\1\AppContainerNamedObjects\S-1-15-2-1714399563-1326177402-2048222277-143663168-2151391019-765408921-4098702777\RPC Control\OLE63FFBEA2F1D309FD5C795AD9C3C5 	Binding Options 	NULL 	Authentication Level 	Packet Privacy 	Authentication Service 	Kernel Impersonation Level 	Identify"
Information	8/17/2021 7:26:57 AM	Microsoft-Windows-RPC	6	(2)	"Server RPC call started. 	InterfaceUuid: 	{2949282e-cf0e-4664-abcf-e6f686b128e1} 	OpNum: 	0xF 	Protocol: 	LRPC 	Endpoint 	OLE36D24F92202AED4D77B24724AE33 	Authentication Level 	Packet Privacy 	Authentication Service 	Kernel"
Information	8/17/2021 7:26:57 AM	Microsoft-Windows-RPC	5	(1)	"Client RPC call started. 	InterfaceUuid: 	{2949282e-cf0e-4664-abcf-e6f686b128e1} 	OpNum: 	0xF 	Protocol: 	LRPC 	NetworkAddress 	NULL 	Endpoint 	OLE36D24F92202AED4D77B24724AE33 	Binding Options 	NULL 	Authentication Level 	Packet Privacy 	Authentication Service 	Kernel Impersonation Level 	Identify"
Information	8/17/2021 7:26:57 AM	Microsoft-Windows-RPC	5	(1)	"Client RPC call started. 	InterfaceUuid: 	{367abb81-9844-35f1-ad32-98f038001003} 	OpNum: 	0x40 	Protocol: 	LRPC 	NetworkAddress 	NULL 	Endpoint 	ntsvcs 	Binding Options 	NULL 	Authentication Level 	Packet Privacy 	Authentication Service 	Kernel Impersonation Level 	Impersonate"
Information	8/17/2021 7:26:57 AM	Microsoft-Windows-RPC	6	(2)	"Server RPC call started. 	InterfaceUuid: 	{e60c73e6-88f9-11cf-9af1-0020af6e72f4} 	OpNum: 	0x4 	Protocol: 	LRPC 	Endpoint 	epmapper 	Authentication Level 	Packet Privacy 	Authentication Service 	Kernel"
Information	8/17/2021 7:26:57 AM	Microsoft-Windows-RPC	5	(1)	"Client RPC call started. 	InterfaceUuid: 	{e60c73e6-88f9-11cf-9af1-0020af6e72f4} 	OpNum: 	0x4 	Protocol: 	LRPC 	NetworkAddress 	NULL 	Endpoint 	epmapper 	Binding Options 	NULL 	Authentication Level 	Packet Privacy 	Authentication Service 	Kernel Impersonation Level 	Impersonate"
Information	8/17/2021 7:26:57 AM	Microsoft-Windows-RPC	6	(2)	"Server RPC call started. 	InterfaceUuid: 	{00000134-0000-0000-c000-000000000046} 	OpNum: 	0x5 	Protocol: 	LRPC 	Endpoint 	OLE63FFBEA2F1D309FD5C795AD9C3C5 	Authentication Level 	Packet Privacy 	Authentication Service 	Kernel"
Information	8/17/2021 7:26:57 AM	Microsoft-Windows-RPC	6	(2)	"Server RPC call started. 	InterfaceUuid: 	{00000134-0000-0000-c000-000000000046} 	OpNum: 	0x5 	Protocol: 	LRPC 	Endpoint 	OLE36D24F92202AED4D77B24724AE33 	Authentication Level 	Packet Privacy 	Authentication Service 	Kernel"
Information	8/17/2021 7:26:57 AM	Microsoft-Windows-RPC	6	(2)	"Server RPC call started. 	InterfaceUuid: 	{00000136-0000-0000-c000-000000000046} 	OpNum: 	0x3 	Protocol: 	LRPC 	Endpoint 	epmapper 	Authentication Level 	Packet Privacy 	Authentication Service 	Kernel"
Information	8/17/2021 7:26:57 AM	Microsoft-Windows-RPC	5	(1)	"Client RPC call started. 	InterfaceUuid: 	{00000134-0000-0000-c000-000000000046} 	OpNum: 	0x5 	Protocol: 	LRPC 	NetworkAddress 	NULL 	Endpoint 	\Sessions\1\AppContainerNamedObjects\S-1-15-2-1714399563-1326177402-2048222277-143663168-2151391019-765408921-4098702777\RPC Control\OLE63FFBEA2F1D309FD5C795AD9C3C5 	Binding Options 	NULL 	Authentication Level 	Packet Privacy 	Authentication Service 	Kernel Impersonation Level 	Identify"
Information	8/17/2021 7:26:57 AM	Microsoft-Windows-RPC	5	(1)	"Client RPC call started. 	InterfaceUuid: 	{00000134-0000-0000-c000-000000000046} 	OpNum: 	0x5 	Protocol: 	LRPC 	NetworkAddress 	NULL 	Endpoint 	OLE36D24F92202AED4D77B24724AE33 	Binding Options 	NULL 	Authentication Level 	Packet Privacy 	Authentication Service 	Kernel Impersonation Level 	Identify"
Information	8/17/2021 7:26:57 AM	Microsoft-Windows-RPC	6	(2)	"Server RPC call started. 	InterfaceUuid: 	{2949282e-cf0e-4664-abcf-e6f686b128e1} 	OpNum: 	0x11 	Protocol: 	LRPC 	Endpoint 	OLE36D24F92202AED4D77B24724AE33 	Authentication Level 	Packet Privacy 	Authentication Service 	Kernel"
Information	8/17/2021 7:26:57 AM	Microsoft-Windows-RPC	5	(1)	"Client RPC call started. 	InterfaceUuid: 	{2949282e-cf0e-4664-abcf-e6f686b128e1} 	OpNum: 	0x11 	Protocol: 	LRPC 	NetworkAddress 	NULL 	Endpoint 	OLE36D24F92202AED4D77B24724AE33 	Binding Options 	NULL 	Authentication Level 	Packet Privacy 	Authentication Service 	Kernel Impersonation Level 	Identify"
Information	8/17/2021 7:26:57 AM	Microsoft-Windows-RPC	6	(2)	"Server RPC call started. 	InterfaceUuid: 	{a74226b2-f176-4fcf-8fbb-cf698b2eb8e0} 	OpNum: 	0x7 	Protocol: 	LRPC 	Endpoint 	OLE36D24F92202AED4D77B24724AE33 	Authentication Level 	Packet Privacy 	Authentication Service 	Kernel"
Information	8/17/2021 7:26:57 AM	Microsoft-Windows-RPC	5	(1)	"Client RPC call started. 	InterfaceUuid: 	{a74226b2-f176-4fcf-8fbb-cf698b2eb8e0} 	OpNum: 	0x7 	Protocol: 	LRPC 	NetworkAddress 	NULL 	Endpoint 	OLE36D24F92202AED4D77B24724AE33 	Binding Options 	NULL 	Authentication Level 	Packet Privacy 	Authentication Service 	Kernel Impersonation Level 	Identify"
Information	8/17/2021 7:26:57 AM	Microsoft-Windows-RPC	6	(2)	"Server RPC call started. 	InterfaceUuid: 	{a74226b2-f176-4fcf-8fbb-cf698b2eb8e0} 	OpNum: 	0x6 	Protocol: 	LRPC 	Endpoint 	OLE36D24F92202AED4D77B24724AE33 	Authentication Level 	Packet Privacy 	Authentication Service 	Kernel"
Information	8/17/2021 7:26:57 AM	Microsoft-Windows-RPC	5	(1)	"Client RPC call started. 	InterfaceUuid: 	{00000136-0000-0000-c000-000000000046} 	OpNum: 	0x3 	Protocol: 	LRPC 	NetworkAddress 	NULL 	Endpoint 	epmapper 	Binding Options 	NULL 	Authentication Level 	Packet Privacy 	Authentication Service 	Kernel Impersonation Level 	Impersonate"
Information	8/17/2021 7:26:57 AM	Microsoft-Windows-RPC	5	(1)	"Client RPC call started. 	InterfaceUuid: 	{a74226b2-f176-4fcf-8fbb-cf698b2eb8e0} 	OpNum: 	0x6 	Protocol: 	LRPC 	NetworkAddress 	NULL 	Endpoint 	OLE36D24F92202AED4D77B24724AE33 	Binding Options 	NULL 	Authentication Level 	Packet Privacy 	Authentication Service 	Kernel Impersonation Level 	Identify"
Information	8/17/2021 7:26:57 AM	Microsoft-Windows-RPC	6	(2)	"Server RPC call started. 	InterfaceUuid: 	{e60c73e6-88f9-11cf-9af1-0020af6e72f4} 	OpNum: 	0x4 	Protocol: 	LRPC 	Endpoint 	epmapper 	Authentication Level 	Packet Privacy 	Authentication Service 	Kernel"
Information	8/17/2021 7:26:57 AM	Microsoft-Windows-RPC	5	(1)	"Client RPC call started. 	InterfaceUuid: 	{e60c73e6-88f9-11cf-9af1-0020af6e72f4} 	OpNum: 	0x4 	Protocol: 	LRPC 	NetworkAddress 	NULL 	Endpoint 	epmapper 	Binding Options 	NULL 	Authentication Level 	Packet Privacy 	Authentication Service 	Kernel Impersonation Level 	Impersonate"
Information	8/17/2021 7:26:57 AM	Microsoft-Windows-RPC	6	(2)	"Server RPC call started. 	InterfaceUuid: 	{47d93848-02bb-5194-8abb-90927d5a88ad} 	OpNum: 	0x3 	Protocol: 	LRPC 	Endpoint 	OLE63FFBEA2F1D309FD5C795AD9C3C5 	Authentication Level 	Packet Privacy 	Authentication Service 	Kernel"
Information	8/17/2021 7:26:57 AM	Microsoft-Windows-RPC	5	(1)	"Client RPC call started. 	InterfaceUuid: 	{47d93848-02bb-5194-8abb-90927d5a88ad} 	OpNum: 	0x3 	Protocol: 	LRPC 	NetworkAddress 	NULL 	Endpoint 	\Sessions\1\AppContainerNamedObjects\S-1-15-2-1714399563-1326177402-2048222277-143663168-2151391019-765408921-4098702777\RPC Control\OLE63FFBEA2F1D309FD5C795AD9C3C5 	Binding Options 	NULL 	Authentication Level 	Packet Privacy 	Authentication Service 	Kernel Impersonation Level 	Identify"
Information	8/17/2021 7:26:57 AM	Microsoft-Windows-RPC	6	(2)	"Server RPC call started. 	InterfaceUuid: 	{e60c73e6-88f9-11cf-9af1-0020af6e72f4} 	OpNum: 	0x4 	Protocol: 	LRPC 	Endpoint 	epmapper 	Authentication Level 	Packet Privacy 	Authentication Service 	Kernel"
Information	8/17/2021 7:26:57 AM	Microsoft-Windows-RPC	5	(1)	"Client RPC call started. 	InterfaceUuid: 	{e60c73e6-88f9-11cf-9af1-0020af6e72f4} 	OpNum: 	0x4 	Protocol: 	LRPC 	NetworkAddress 	NULL 	Endpoint 	epmapper 	Binding Options 	NULL 	Authentication Level 	Packet Privacy 	Authentication Service 	Kernel Impersonation Level 	Impersonate"
Information	8/17/2021 7:26:57 AM	Microsoft-Windows-RPC	6	(2)	"Server RPC call started. 	InterfaceUuid: 	{f12b187d-584d-4a34-bb68-b9889f04beac} 	OpNum: 	0x12 	Protocol: 	LRPC 	Endpoint 	OLE36D24F92202AED4D77B24724AE33 	Authentication Level 	Packet Privacy 	Authentication Service 	Kernel"
Information	8/17/2021 7:26:57 AM	Microsoft-Windows-RPC	5	(1)	"Client RPC call started. 	InterfaceUuid: 	{f12b187d-584d-4a34-bb68-b9889f04beac} 	OpNum: 	0x12 	Protocol: 	LRPC 	NetworkAddress 	NULL 	Endpoint 	OLE36D24F92202AED4D77B24724AE33 	Binding Options 	NULL 	Authentication Level 	Packet Privacy 	Authentication Service 	Kernel Impersonation Level 	Identify"
Information	8/17/2021 7:26:57 AM	Microsoft-Windows-RPC	6	(2)	"Server RPC call started. 	InterfaceUuid: 	{24031fd1-432f-4a82-bb03-6a50c1adca48} 	OpNum: 	0x6 	Protocol: 	LRPC 	Endpoint 	OLE36D24F92202AED4D77B24724AE33 	Authentication Level 	Packet Privacy 	Authentication Service 	Kernel"
Information	8/17/2021 7:26:57 AM	Microsoft-Windows-RPC	5	(1)	"Client RPC call started. 	InterfaceUuid: 	{24031fd1-432f-4a82-bb03-6a50c1adca48} 	OpNum: 	0x6 	Protocol: 	LRPC 	NetworkAddress 	NULL 	Endpoint 	OLE36D24F92202AED4D77B24724AE33 	Binding Options 	NULL 	Authentication Level 	Packet Privacy 	Authentication Service 	Kernel Impersonation Level 	Identify"
Information	8/17/2021 7:26:57 AM	Microsoft-Windows-RPC	6	(2)	"Server RPC call started. 	InterfaceUuid: 	{24031fd1-432f-4a82-bb03-6a50c1adca48} 	OpNum: 	0x7 	Protocol: 	LRPC 	Endpoint 	OLE36D24F92202AED4D77B24724AE33 	Authentication Level 	Packet Privacy 	Authentication Service 	Kernel"
Information	8/17/2021 7:26:57 AM	Microsoft-Windows-RPC	5	(1)	"Client RPC call started. 	InterfaceUuid: 	{24031fd1-432f-4a82-bb03-6a50c1adca48} 	OpNum: 	0x7 	Protocol: 	LRPC 	NetworkAddress 	NULL 	Endpoint 	OLE36D24F92202AED4D77B24724AE33 	Binding Options 	NULL 	Authentication Level 	Packet Privacy 	Authentication Service 	Kernel Impersonation Level 	Identify"
Information	8/17/2021 7:26:57 AM	Microsoft-Windows-RPC	6	(2)	"Server RPC call started. 	InterfaceUuid: 	{24031fd1-432f-4a82-bb03-6a50c1adca48} 	OpNum: 	0xD 	Protocol: 	LRPC 	Endpoint 	OLE36D24F92202AED4D77B24724AE33 	Authentication Level 	Packet Privacy 	Authentication Service 	Kernel"
Information	8/17/2021 7:26:57 AM	Microsoft-Windows-RPC	5	(1)	"Client RPC call started. 	InterfaceUuid: 	{24031fd1-432f-4a82-bb03-6a50c1adca48} 	OpNum: 	0xD 	Protocol: 	LRPC 	NetworkAddress 	NULL 	Endpoint 	OLE36D24F92202AED4D77B24724AE33 	Binding Options 	NULL 	Authentication Level 	Packet Privacy 	Authentication Service 	Kernel Impersonation Level 	Identify"
Information	8/17/2021 7:26:57 AM	Microsoft-Windows-RPC	6	(2)	"Server RPC call started. 	InterfaceUuid: 	{24031fd1-432f-4a82-bb03-6a50c1adca48} 	OpNum: 	0xB 	Protocol: 	LRPC 	Endpoint 	OLE36D24F92202AED4D77B24724AE33 	Authentication Level 	Packet Privacy 	Authentication Service 	Kernel"
Information	8/17/2021 7:26:57 AM	Microsoft-Windows-RPC	5	(1)	"Client RPC call started. 	InterfaceUuid: 	{24031fd1-432f-4a82-bb03-6a50c1adca48} 	OpNum: 	0xB 	Protocol: 	LRPC 	NetworkAddress 	NULL 	Endpoint 	OLE36D24F92202AED4D77B24724AE33 	Binding Options 	NULL 	Authentication Level 	Packet Privacy 	Authentication Service 	Kernel Impersonation Level 	Identify"
Information	8/17/2021 7:26:57 AM	Microsoft-Windows-RPC	6	(2)	"Server RPC call started. 	InterfaceUuid: 	{24031fd1-432f-4a82-bb03-6a50c1adca48} 	OpNum: 	0xE 	Protocol: 	LRPC 	Endpoint 	OLE36D24F92202AED4D77B24724AE33 	Authentication Level 	Packet Privacy 	Authentication Service 	Kernel"
Information	8/17/2021 7:26:57 AM	Microsoft-Windows-RPC	5	(1)	"Client RPC call started. 	InterfaceUuid: 	{24031fd1-432f-4a82-bb03-6a50c1adca48} 	OpNum: 	0xE 	Protocol: 	LRPC 	NetworkAddress 	NULL 	Endpoint 	OLE36D24F92202AED4D77B24724AE33 	Binding Options 	NULL 	Authentication Level 	Packet Privacy 	Authentication Service 	Kernel Impersonation Level 	Identify"
Information	8/17/2021 7:26:57 AM	Microsoft-Windows-RPC	6	(2)	"Server RPC call started. 	InterfaceUuid: 	{b4202f92-1611-4e05-b6ef-dfd737ae33b0} 	OpNum: 	0x8 	Protocol: 	LRPC 	Endpoint 	OLE36D24F92202AED4D77B24724AE33 	Authentication Level 	Packet Privacy 	Authentication Service 	Kernel"
Information	8/17/2021 7:26:57 AM	Microsoft-Windows-RPC	5	(1)	"Client RPC call started. 	InterfaceUuid: 	{b4202f92-1611-4e05-b6ef-dfd737ae33b0} 	OpNum: 	0x8 	Protocol: 	LRPC 	NetworkAddress 	NULL 	Endpoint 	OLE36D24F92202AED4D77B24724AE33 	Binding Options 	NULL 	Authentication Level 	Packet Privacy 	Authentication Service 	Kernel Impersonation Level 	Identify"
Information	8/17/2021 7:26:57 AM	Microsoft-Windows-RPC	6	(2)	"Server RPC call started. 	InterfaceUuid: 	{b4202f92-1611-4e05-b6ef-dfd737ae33b0} 	OpNum: 	0x6 	Protocol: 	LRPC 	Endpoint 	OLE36D24F92202AED4D77B24724AE33 	Authentication Level 	Packet Privacy 	Authentication Service 	Kernel"
Information	8/17/2021 7:26:57 AM	Microsoft-Windows-RPC	5	(1)	"Client RPC call started. 	InterfaceUuid: 	{b4202f92-1611-4e05-b6ef-dfd737ae33b0} 	OpNum: 	0x6 	Protocol: 	LRPC 	NetworkAddress 	NULL 	Endpoint 	OLE36D24F92202AED4D77B24724AE33 	Binding Options 	NULL 	Authentication Level 	Packet Privacy 	Authentication Service 	Kernel Impersonation Level 	Identify"
Information	8/17/2021 7:26:57 AM	Microsoft-Windows-RPC	6	(2)	"Server RPC call started. 	InterfaceUuid: 	{b4202f92-1611-4e05-b6ef-dfd737ae33b0} 	OpNum: 	0x9 	Protocol: 	LRPC 	Endpoint 	OLE36D24F92202AED4D77B24724AE33 	Authentication Level 	Packet Privacy 	Authentication Service 	Kernel"
Information	8/17/2021 7:26:57 AM	Microsoft-Windows-RPC	5	(1)	"Client RPC call started. 	InterfaceUuid: 	{b4202f92-1611-4e05-b6ef-dfd737ae33b0} 	OpNum: 	0x9 	Protocol: 	LRPC 	NetworkAddress 	NULL 	Endpoint 	OLE36D24F92202AED4D77B24724AE33 	Binding Options 	NULL 	Authentication Level 	Packet Privacy 	Authentication Service 	Kernel Impersonation Level 	Identify"
Information	8/17/2021 7:26:57 AM	Microsoft-Windows-RPC	6	(2)	"Server RPC call started. 	InterfaceUuid: 	{b4202f92-1611-4e05-b6ef-dfd737ae33b0} 	OpNum: 	0x7 	Protocol: 	LRPC 	Endpoint 	OLE36D24F92202AED4D77B24724AE33 	Authentication Level 	Packet Privacy 	Authentication Service 	Kernel"
Information	8/17/2021 7:26:57 AM	Microsoft-Windows-RPC	5	(1)	"Client RPC call started. 	InterfaceUuid: 	{b4202f92-1611-4e05-b6ef-dfd737ae33b0} 	OpNum: 	0x7 	Protocol: 	LRPC 	NetworkAddress 	NULL 	Endpoint 	OLE36D24F92202AED4D77B24724AE33 	Binding Options 	NULL 	Authentication Level 	Packet Privacy 	Authentication Service 	Kernel Impersonation Level 	Identify"
Information	8/17/2021 7:26:57 AM	Microsoft-Windows-RPC	6	(2)	"Server RPC call started. 	InterfaceUuid: 	{f12b187d-584d-4a34-bb68-b9889f04beac} 	OpNum: 	0xE 	Protocol: 	LRPC 	Endpoint 	OLE36D24F92202AED4D77B24724AE33 	Authentication Level 	Packet Privacy 	Authentication Service 	Kernel"
Information	8/17/2021 7:26:57 AM	Microsoft-Windows-RPC	5	(1)	"Client RPC call started. 	InterfaceUuid: 	{f12b187d-584d-4a34-bb68-b9889f04beac} 	OpNum: 	0xE 	Protocol: 	LRPC 	NetworkAddress 	NULL 	Endpoint 	OLE36D24F92202AED4D77B24724AE33 	Binding Options 	NULL 	Authentication Level 	Packet Privacy 	Authentication Service 	Kernel Impersonation Level 	Identify"
Information	8/17/2021 7:26:57 AM	Microsoft-Windows-RPC	6	(2)	"Server RPC call started. 	InterfaceUuid: 	{f12b187d-584d-4a34-bb68-b9889f04beac} 	OpNum: 	0x6 	Protocol: 	LRPC 	Endpoint 	OLE36D24F92202AED4D77B24724AE33 	Authentication Level 	Packet Privacy 	Authentication Service 	Kernel"
Information	8/17/2021 7:26:57 AM	Microsoft-Windows-RPC	5	(1)	"Client RPC call started. 	InterfaceUuid: 	{f12b187d-584d-4a34-bb68-b9889f04beac} 	OpNum: 	0x6 	Protocol: 	LRPC 	NetworkAddress 	NULL 	Endpoint 	OLE36D24F92202AED4D77B24724AE33 	Binding Options 	NULL 	Authentication Level 	Packet Privacy 	Authentication Service 	Kernel Impersonation Level 	Identify"
Information	8/17/2021 7:26:57 AM	Microsoft-Windows-RPC	6	(2)	"Server RPC call started. 	InterfaceUuid: 	{e60c73e6-88f9-11cf-9af1-0020af6e72f4} 	OpNum: 	0x4 	Protocol: 	LRPC 	Endpoint 	epmapper 	Authentication Level 	Packet Privacy 	Authentication Service 	Kernel"
Information	8/17/2021 7:26:57 AM	Microsoft-Windows-RPC	5	(1)	"Client RPC call started. 	InterfaceUuid: 	{e60c73e6-88f9-11cf-9af1-0020af6e72f4} 	OpNum: 	0x4 	Protocol: 	LRPC 	NetworkAddress 	NULL 	Endpoint 	epmapper 	Binding Options 	NULL 	Authentication Level 	Packet Privacy 	Authentication Service 	Kernel Impersonation Level 	Impersonate"
Information	8/17/2021 7:26:57 AM	Microsoft-Windows-RPC	6	(2)	"Server RPC call started. 	InterfaceUuid: 	{f12b187d-584d-4a34-bb68-b9889f04beac} 	OpNum: 	0x10 	Protocol: 	LRPC 	Endpoint 	OLE36D24F92202AED4D77B24724AE33 	Authentication Level 	Packet Privacy 	Authentication Service 	Kernel"
Information	8/17/2021 7:26:57 AM	Microsoft-Windows-RPC	5	(1)	"Client RPC call started. 	InterfaceUuid: 	{f12b187d-584d-4a34-bb68-b9889f04beac} 	OpNum: 	0x10 	Protocol: 	LRPC 	NetworkAddress 	NULL 	Endpoint 	OLE36D24F92202AED4D77B24724AE33 	Binding Options 	NULL 	Authentication Level 	Packet Privacy 	Authentication Service 	Kernel Impersonation Level 	Identify"
Information	8/17/2021 7:26:57 AM	Microsoft-Windows-RPC	6	(2)	"Server RPC call started. 	InterfaceUuid: 	{00000134-0000-0000-c000-000000000046} 	OpNum: 	0x3 	Protocol: 	LRPC 	Endpoint 	OLE36D24F92202AED4D77B24724AE33 	Authentication Level 	Packet Privacy 	Authentication Service 	Kernel"
Information	8/17/2021 7:26:57 AM	Microsoft-Windows-RPC	5	(1)	"Client RPC call started. 	InterfaceUuid: 	{00000134-0000-0000-c000-000000000046} 	OpNum: 	0x3 	Protocol: 	LRPC 	NetworkAddress 	NULL 	Endpoint 	OLE36D24F92202AED4D77B24724AE33 	Binding Options 	NULL 	Authentication Level 	Packet Privacy 	Authentication Service 	Kernel Impersonation Level 	Identify"
Information	8/17/2021 7:26:57 AM	Microsoft-Windows-RPC	6	(2)	"Server RPC call started. 	InterfaceUuid: 	{e60c73e6-88f9-11cf-9af1-0020af6e72f4} 	OpNum: 	0x4 	Protocol: 	LRPC 	Endpoint 	epmapper 	Authentication Level 	Packet Privacy 	Authentication Service 	Kernel"
Information	8/17/2021 7:26:57 AM	Microsoft-Windows-RPC	5	(1)	"Client RPC call started. 	InterfaceUuid: 	{e60c73e6-88f9-11cf-9af1-0020af6e72f4} 	OpNum: 	0x4 	Protocol: 	LRPC 	NetworkAddress 	NULL 	Endpoint 	epmapper 	Binding Options 	NULL 	Authentication Level 	Packet Privacy 	Authentication Service 	Kernel Impersonation Level 	Impersonate"
Information	8/17/2021 7:26:57 AM	Microsoft-Windows-RPC	6	(2)	"Server RPC call started. 	InterfaceUuid: 	{f12b187d-584d-4a34-bb68-b9889f04beac} 	OpNum: 	0xF 	Protocol: 	LRPC 	Endpoint 	OLE36D24F92202AED4D77B24724AE33 	Authentication Level 	Packet Privacy 	Authentication Service 	Kernel"
Information	8/17/2021 7:26:57 AM	Microsoft-Windows-RPC	5	(1)	"Client RPC call started. 	InterfaceUuid: 	{f12b187d-584d-4a34-bb68-b9889f04beac} 	OpNum: 	0xF 	Protocol: 	LRPC 	NetworkAddress 	NULL 	Endpoint 	OLE36D24F92202AED4D77B24724AE33 	Binding Options 	NULL 	Authentication Level 	Packet Privacy 	Authentication Service 	Kernel Impersonation Level 	Identify"
Information	8/17/2021 7:26:57 AM	Microsoft-Windows-RPC	6	(2)	"Server RPC call started. 	InterfaceUuid: 	{e60c73e6-88f9-11cf-9af1-0020af6e72f4} 	OpNum: 	0x4 	Protocol: 	LRPC 	Endpoint 	epmapper 	Authentication Level 	Packet Privacy 	Authentication Service 	Kernel"
Information	8/17/2021 7:26:57 AM	Microsoft-Windows-RPC	5	(1)	"Client RPC call started. 	InterfaceUuid: 	{e60c73e6-88f9-11cf-9af1-0020af6e72f4} 	OpNum: 	0x4 	Protocol: 	LRPC 	NetworkAddress 	NULL 	Endpoint 	epmapper 	Binding Options 	NULL 	Authentication Level 	Packet Privacy 	Authentication Service 	Kernel Impersonation Level 	Impersonate"
Information	8/17/2021 7:26:57 AM	Microsoft-Windows-RPC	6	(2)	"Server RPC call started. 	InterfaceUuid: 	{20fb8a6a-75a5-51f0-b0c8-734630041ab6} 	OpNum: 	0x3 	Protocol: 	LRPC 	Endpoint 	OLE63FFBEA2F1D309FD5C795AD9C3C5 	Authentication Level 	Packet Privacy 	Authentication Service 	Kernel"
Information	8/17/2021 7:26:57 AM	Microsoft-Windows-RPC	5	(1)	"Client RPC call started. 	InterfaceUuid: 	{20fb8a6a-75a5-51f0-b0c8-734630041ab6} 	OpNum: 	0x3 	Protocol: 	LRPC 	NetworkAddress 	NULL 	Endpoint 	\Sessions\1\AppContainerNamedObjects\S-1-15-2-1714399563-1326177402-2048222277-143663168-2151391019-765408921-4098702777\RPC Control\OLE63FFBEA2F1D309FD5C795AD9C3C5 	Binding Options 	NULL 	Authentication Level 	Packet Privacy 	Authentication Service 	Kernel Impersonation Level 	Identify"
Information	8/17/2021 7:26:57 AM	Microsoft-Windows-RPC	6	(2)	"Server RPC call started. 	InterfaceUuid: 	{e60c73e6-88f9-11cf-9af1-0020af6e72f4} 	OpNum: 	0x4 	Protocol: 	LRPC 	Endpoint 	epmapper 	Authentication Level 	Packet Privacy 	Authentication Service 	Kernel"
Information	8/17/2021 7:26:57 AM	Microsoft-Windows-RPC	5	(1)	"Client RPC call started. 	InterfaceUuid: 	{e60c73e6-88f9-11cf-9af1-0020af6e72f4} 	OpNum: 	0x4 	Protocol: 	LRPC 	NetworkAddress 	NULL 	Endpoint 	epmapper 	Binding Options 	NULL 	Authentication Level 	Packet Privacy 	Authentication Service 	Kernel Impersonation Level 	Impersonate"
Information	8/17/2021 7:26:57 AM	Microsoft-Windows-RPC	6	(2)	"Server RPC call started. 	InterfaceUuid: 	{00000134-0000-0000-c000-000000000046} 	OpNum: 	0x5 	Protocol: 	LRPC 	Endpoint 	OLE0A6E1FBBC8FA7911A55D487B9FAF 	Authentication Level 	Packet Privacy 	Authentication Service 	Kernel"
Information	8/17/2021 7:26:57 AM	Microsoft-Windows-RPC	5	(1)	"Client RPC call started. 	InterfaceUuid: 	{00000134-0000-0000-c000-000000000046} 	OpNum: 	0x5 	Protocol: 	LRPC 	NetworkAddress 	NULL 	Endpoint 	OLE0A6E1FBBC8FA7911A55D487B9FAF 	Binding Options 	NULL 	Authentication Level 	Packet Privacy 	Authentication Service 	Kernel Impersonation Level 	Identify"
Information	8/17/2021 7:26:57 AM	Microsoft-Windows-RPC	6	(2)	"Server RPC call started. 	InterfaceUuid: 	{e60c73e6-88f9-11cf-9af1-0020af6e72f4} 	OpNum: 	0x4 	Protocol: 	LRPC 	Endpoint 	epmapper 	Authentication Level 	Packet Privacy 	Authentication Service 	Kernel"
Information	8/17/2021 7:26:57 AM	Microsoft-Windows-RPC	5	(1)	"Client RPC call started. 	InterfaceUuid: 	{e60c73e6-88f9-11cf-9af1-0020af6e72f4} 	OpNum: 	0x4 	Protocol: 	LRPC 	NetworkAddress 	NULL 	Endpoint 	epmapper 	Binding Options 	NULL 	Authentication Level 	Packet Privacy 	Authentication Service 	Kernel Impersonation Level 	Impersonate"
Information	8/17/2021 7:26:57 AM	Microsoft-Windows-RPC	6	(2)	"Server RPC call started. 	InterfaceUuid: 	{00000134-0000-0000-c000-000000000046} 	OpNum: 	0x5 	Protocol: 	LRPC 	Endpoint 	OLE0A6E1FBBC8FA7911A55D487B9FAF 	Authentication Level 	Packet Privacy 	Authentication Service 	Kernel"
Information	8/17/2021 7:26:57 AM	Microsoft-Windows-RPC	5	(1)	"Client RPC call started. 	InterfaceUuid: 	{00000134-0000-0000-c000-000000000046} 	OpNum: 	0x5 	Protocol: 	LRPC 	NetworkAddress 	NULL 	Endpoint 	OLE0A6E1FBBC8FA7911A55D487B9FAF 	Binding Options 	NULL 	Authentication Level 	Packet Privacy 	Authentication Service 	Kernel Impersonation Level 	Identify"
