Information	8/17/2021 7:26:59 AM	Microsoft-Windows-RPC	6	(2)	"Server RPC call started. 	InterfaceUuid: 	{12345778-1234-abcd-ef00-0123456789ab} 	OpNum: 	0x2C 	Protocol: 	LRPC 	Endpoint 	LSARPC_ENDPOINT 	Authentication Level 	Packet Privacy 	Authentication Service 	Kernel"
Information	8/17/2021 7:26:59 AM	Microsoft-Windows-RPC	5	(1)	"Client RPC call started. 	InterfaceUuid: 	{12345778-1234-abcd-ef00-0123456789ab} 	OpNum: 	0x2C 	Protocol: 	LRPC 	NetworkAddress 	NULL 	Endpoint 	LSARPC_ENDPOINT 	Binding Options 	NULL 	Authentication Level 	Packet Privacy 	Authentication Service 	Kernel Impersonation Level 	Impersonate"
Information	8/17/2021 7:26:59 AM	Microsoft-Windows-RPC	6	(2)	"Server RPC call started. 	InterfaceUuid: 	{12345778-1234-abcd-ef00-0123456789ab} 	OpNum: 	0x0 	Protocol: 	LRPC 	Endpoint 	LSARPC_ENDPOINT 	Authentication Level 	Packet Privacy 	Authentication Service 	Kernel"
Information	8/17/2021 7:26:59 AM	Microsoft-Windows-RPC	5	(1)	"Client RPC call started. 	InterfaceUuid: 	{12345778-1234-abcd-ef00-0123456789ab} 	OpNum: 	0x0 	Protocol: 	LRPC 	NetworkAddress 	NULL 	Endpoint 	LSARPC_ENDPOINT 	Binding Options 	NULL 	Authentication Level 	Packet Privacy 	Authentication Service 	Kernel Impersonation Level 	Impersonate"
Information	8/17/2021 7:26:59 AM	Microsoft-Windows-RPC	6	(2)	"Server RPC call started. 	InterfaceUuid: 	{12345778-1234-abcd-ef00-0123456789ab} 	OpNum: 	0x1F 	Protocol: 	LRPC 	Endpoint 	LSARPC_ENDPOINT 	Authentication Level 	Packet Privacy 	Authentication Service 	Kernel"
Information	8/17/2021 7:26:59 AM	Microsoft-Windows-RPC	5	(1)	"Client RPC call started. 	InterfaceUuid: 	{12345778-1234-abcd-ef00-0123456789ab} 	OpNum: 	0x1F 	Protocol: 	LRPC 	NetworkAddress 	NULL 	Endpoint 	LSARPC_ENDPOINT 	Binding Options 	NULL 	Authentication Level 	Packet Privacy 	Authentication Service 	Kernel Impersonation Level 	Impersonate"
Information	8/17/2021 7:26:59 AM	Microsoft-Windows-RPC	6	(2)	"Server RPC call started. 	InterfaceUuid: 	{12345778-1234-abcd-ef00-0123456789ab} 	OpNum: 	0x2C 	Protocol: 	LRPC 	Endpoint 	LSARPC_ENDPOINT 	Authentication Level 	Packet Privacy 	Authentication Service 	Kernel"
Information	8/17/2021 7:26:59 AM	Microsoft-Windows-RPC	5	(1)	"Client RPC call started. 	InterfaceUuid: 	{12345778-1234-abcd-ef00-0123456789ab} 	OpNum: 	0x2C 	Protocol: 	LRPC 	NetworkAddress 	NULL 	Endpoint 	LSARPC_ENDPOINT 	Binding Options 	NULL 	Authentication Level 	Packet Privacy 	Authentication Service 	Kernel Impersonation Level 	Impersonate"
Information	8/17/2021 7:26:59 AM	Microsoft-Windows-RPC	6	(2)	"Server RPC call started. 	InterfaceUuid: 	{12345778-1234-abcd-ef00-0123456789ab} 	OpNum: 	0x0 	Protocol: 	LRPC 	Endpoint 	LSARPC_ENDPOINT 	Authentication Level 	Packet Privacy 	Authentication Service 	Kernel"
Information	8/17/2021 7:26:59 AM	Microsoft-Windows-RPC	5	(1)	"Client RPC call started. 	InterfaceUuid: 	{12345778-1234-abcd-ef00-0123456789ab} 	OpNum: 	0x0 	Protocol: 	LRPC 	NetworkAddress 	NULL 	Endpoint 	LSARPC_ENDPOINT 	Binding Options 	NULL 	Authentication Level 	Packet Privacy 	Authentication Service 	Kernel Impersonation Level 	Impersonate"
Information	8/17/2021 7:26:59 AM	Microsoft-Windows-RPC	6	(2)	"Server RPC call started. 	InterfaceUuid: 	{12345778-1234-abcd-ef00-0123456789ab} 	OpNum: 	0x1F 	Protocol: 	LRPC 	Endpoint 	LSARPC_ENDPOINT 	Authentication Level 	Packet Privacy 	Authentication Service 	Kernel"
Information	8/17/2021 7:26:59 AM	Microsoft-Windows-RPC	5	(1)	"Client RPC call started. 	InterfaceUuid: 	{12345778-1234-abcd-ef00-0123456789ab} 	OpNum: 	0x1F 	Protocol: 	LRPC 	NetworkAddress 	NULL 	Endpoint 	LSARPC_ENDPOINT 	Binding Options 	NULL 	Authentication Level 	Packet Privacy 	Authentication Service 	Kernel Impersonation Level 	Impersonate"
Information	8/17/2021 7:26:59 AM	Microsoft-Windows-RPC	6	(2)	"Server RPC call started. 	InterfaceUuid: 	{12345778-1234-abcd-ef00-0123456789ab} 	OpNum: 	0x2C 	Protocol: 	LRPC 	Endpoint 	LSARPC_ENDPOINT 	Authentication Level 	Packet Privacy 	Authentication Service 	Kernel"
Information	8/17/2021 7:26:59 AM	Microsoft-Windows-RPC	5	(1)	"Client RPC call started. 	InterfaceUuid: 	{12345778-1234-abcd-ef00-0123456789ab} 	OpNum: 	0x2C 	Protocol: 	LRPC 	NetworkAddress 	NULL 	Endpoint 	LSARPC_ENDPOINT 	Binding Options 	NULL 	Authentication Level 	Packet Privacy 	Authentication Service 	Kernel Impersonation Level 	Impersonate"
Information	8/17/2021 7:26:59 AM	Microsoft-Windows-RPC	6	(2)	"Server RPC call started. 	InterfaceUuid: 	{12345778-1234-abcd-ef00-0123456789ab} 	OpNum: 	0x0 	Protocol: 	LRPC 	Endpoint 	LSARPC_ENDPOINT 	Authentication Level 	Packet Privacy 	Authentication Service 	Kernel"
Information	8/17/2021 7:26:59 AM	Microsoft-Windows-RPC	5	(1)	"Client RPC call started. 	InterfaceUuid: 	{12345778-1234-abcd-ef00-0123456789ab} 	OpNum: 	0x0 	Protocol: 	LRPC 	NetworkAddress 	NULL 	Endpoint 	LSARPC_ENDPOINT 	Binding Options 	NULL 	Authentication Level 	Packet Privacy 	Authentication Service 	Kernel Impersonation Level 	Impersonate"
Information	8/17/2021 7:26:59 AM	Microsoft-Windows-RPC	6	(2)	"Server RPC call started. 	InterfaceUuid: 	{12345778-1234-abcd-ef00-0123456789ab} 	OpNum: 	0x1F 	Protocol: 	LRPC 	Endpoint 	LSARPC_ENDPOINT 	Authentication Level 	Packet Privacy 	Authentication Service 	Kernel"
Information	8/17/2021 7:26:59 AM	Microsoft-Windows-RPC	5	(1)	"Client RPC call started. 	InterfaceUuid: 	{12345778-1234-abcd-ef00-0123456789ab} 	OpNum: 	0x1F 	Protocol: 	LRPC 	NetworkAddress 	NULL 	Endpoint 	LSARPC_ENDPOINT 	Binding Options 	NULL 	Authentication Level 	Packet Privacy 	Authentication Service 	Kernel Impersonation Level 	Impersonate"
Information	8/17/2021 7:26:59 AM	Microsoft-Windows-RPC	6	(2)	"Server RPC call started. 	InterfaceUuid: 	{12345778-1234-abcd-ef00-0123456789ab} 	OpNum: 	0x2C 	Protocol: 	LRPC 	Endpoint 	LSARPC_ENDPOINT 	Authentication Level 	Packet Privacy 	Authentication Service 	Kernel"
Information	8/17/2021 7:26:59 AM	Microsoft-Windows-RPC	5	(1)	"Client RPC call started. 	InterfaceUuid: 	{12345778-1234-abcd-ef00-0123456789ab} 	OpNum: 	0x2C 	Protocol: 	LRPC 	NetworkAddress 	NULL 	Endpoint 	LSARPC_ENDPOINT 	Binding Options 	NULL 	Authentication Level 	Packet Privacy 	Authentication Service 	Kernel Impersonation Level 	Impersonate"
Information	8/17/2021 7:26:59 AM	Microsoft-Windows-RPC	6	(2)	"Server RPC call started. 	InterfaceUuid: 	{00000134-0000-0000-c000-000000000046} 	OpNum: 	0x5 	Protocol: 	LRPC 	Endpoint 	OLEE70357F00BFDAF2C6DB49749AFC0 	Authentication Level 	Packet Privacy 	Authentication Service 	Kernel"
Information	8/17/2021 7:26:59 AM	Microsoft-Windows-RPC	5	(1)	"Client RPC call started. 	InterfaceUuid: 	{00000134-0000-0000-c000-000000000046} 	OpNum: 	0x5 	Protocol: 	LRPC 	NetworkAddress 	NULL 	Endpoint 	OLEE70357F00BFDAF2C6DB49749AFC0 	Binding Options 	NULL 	Authentication Level 	Packet Privacy 	Authentication Service 	Kernel Impersonation Level 	Identify"
Information	8/17/2021 7:26:59 AM	Microsoft-Windows-RPC	6	(2)	"Server RPC call started. 	InterfaceUuid: 	{00000134-0000-0000-c000-000000000046} 	OpNum: 	0x5 	Protocol: 	LRPC 	Endpoint 	OLEE70357F00BFDAF2C6DB49749AFC0 	Authentication Level 	Packet Privacy 	Authentication Service 	Kernel"
Information	8/17/2021 7:26:59 AM	Microsoft-Windows-RPC	5	(1)	"Client RPC call started. 	InterfaceUuid: 	{00000134-0000-0000-c000-000000000046} 	OpNum: 	0x5 	Protocol: 	LRPC 	NetworkAddress 	NULL 	Endpoint 	OLEE70357F00BFDAF2C6DB49749AFC0 	Binding Options 	NULL 	Authentication Level 	Packet Privacy 	Authentication Service 	Kernel Impersonation Level 	Identify"
Information	8/17/2021 7:26:59 AM	Microsoft-Windows-RPC	6	(2)	"Server RPC call started. 	InterfaceUuid: 	{00000134-0000-0000-c000-000000000046} 	OpNum: 	0x5 	Protocol: 	LRPC 	Endpoint 	OLEE70357F00BFDAF2C6DB49749AFC0 	Authentication Level 	Packet Privacy 	Authentication Service 	Kernel"
Information	8/17/2021 7:26:59 AM	Microsoft-Windows-RPC	5	(1)	"Client RPC call started. 	InterfaceUuid: 	{00000134-0000-0000-c000-000000000046} 	OpNum: 	0x5 	Protocol: 	LRPC 	NetworkAddress 	NULL 	Endpoint 	OLEE70357F00BFDAF2C6DB49749AFC0 	Binding Options 	NULL 	Authentication Level 	Packet Privacy 	Authentication Service 	Kernel Impersonation Level 	Identify"
Information	8/17/2021 7:26:59 AM	Microsoft-Windows-RPC	6	(2)	"Server RPC call started. 	InterfaceUuid: 	{00000134-0000-0000-c000-000000000046} 	OpNum: 	0x5 	Protocol: 	LRPC 	Endpoint 	OLEE70357F00BFDAF2C6DB49749AFC0 	Authentication Level 	Packet Privacy 	Authentication Service 	Kernel"
Information	8/17/2021 7:26:59 AM	Microsoft-Windows-RPC	5	(1)	"Client RPC call started. 	InterfaceUuid: 	{00000134-0000-0000-c000-000000000046} 	OpNum: 	0x5 	Protocol: 	LRPC 	NetworkAddress 	NULL 	Endpoint 	OLEE70357F00BFDAF2C6DB49749AFC0 	Binding Options 	NULL 	Authentication Level 	Packet Privacy 	Authentication Service 	Kernel Impersonation Level 	Identify"
Information	8/17/2021 7:26:59 AM	Microsoft-Windows-RPC	6	(2)	"Server RPC call started. 	InterfaceUuid: 	{195f5943-0c04-4eab-b907-735817fdac77} 	OpNum: 	0x16 	Protocol: 	LRPC 	Endpoint 	OLEE70357F00BFDAF2C6DB49749AFC0 	Authentication Level 	Packet Privacy 	Authentication Service 	Kernel"
Information	8/17/2021 7:26:59 AM	Microsoft-Windows-RPC	5	(1)	"Client RPC call started. 	InterfaceUuid: 	{195f5943-0c04-4eab-b907-735817fdac77} 	OpNum: 	0x16 	Protocol: 	LRPC 	NetworkAddress 	NULL 	Endpoint 	OLEE70357F00BFDAF2C6DB49749AFC0 	Binding Options 	NULL 	Authentication Level 	Packet Privacy 	Authentication Service 	Kernel Impersonation Level 	Identify"
Information	8/17/2021 7:26:59 AM	Microsoft-Windows-RPC	6	(2)	"Server RPC call started. 	InterfaceUuid: 	{0450ce77-af0d-40ac-93fd-1e5d48c89419} 	OpNum: 	0x32 	Protocol: 	LRPC 	Endpoint 	OLEE70357F00BFDAF2C6DB49749AFC0 	Authentication Level 	Packet Privacy 	Authentication Service 	Kernel"
Information	8/17/2021 7:26:59 AM	Microsoft-Windows-RPC	5	(1)	"Client RPC call started. 	InterfaceUuid: 	{0450ce77-af0d-40ac-93fd-1e5d48c89419} 	OpNum: 	0x32 	Protocol: 	LRPC 	NetworkAddress 	NULL 	Endpoint 	OLEE70357F00BFDAF2C6DB49749AFC0 	Binding Options 	NULL 	Authentication Level 	Packet Privacy 	Authentication Service 	Kernel Impersonation Level 	Identify"
Information	8/17/2021 7:26:59 AM	Microsoft-Windows-RPC	6	(2)	"Server RPC call started. 	InterfaceUuid: 	{00000132-0000-0000-c000-000000000046} 	OpNum: 	0x3 	Protocol: 	LRPC 	Endpoint 	OLEE70357F00BFDAF2C6DB49749AFC0 	Authentication Level 	Packet Privacy 	Authentication Service 	Kernel"
Information	8/17/2021 7:26:59 AM	Microsoft-Windows-RPC	5	(1)	"Client RPC call started. 	InterfaceUuid: 	{00000132-0000-0000-c000-000000000046} 	OpNum: 	0x3 	Protocol: 	LRPC 	NetworkAddress 	NULL 	Endpoint 	OLEE70357F00BFDAF2C6DB49749AFC0 	Binding Options 	NULL 	Authentication Level 	Packet Privacy 	Authentication Service 	Kernel Impersonation Level 	Impersonate"
Information	8/17/2021 7:26:59 AM	Microsoft-Windows-RPC	6	(2)	"Server RPC call started. 	InterfaceUuid: 	{00000136-0000-0000-c000-000000000046} 	OpNum: 	0x3 	Protocol: 	LRPC 	Endpoint 	epmapper 	Authentication Level 	Packet Privacy 	Authentication Service 	Kernel"
Information	8/17/2021 7:26:59 AM	Microsoft-Windows-RPC	5	(1)	"Client RPC call started. 	InterfaceUuid: 	{00000136-0000-0000-c000-000000000046} 	OpNum: 	0x3 	Protocol: 	LRPC 	NetworkAddress 	NULL 	Endpoint 	epmapper 	Binding Options 	NULL 	Authentication Level 	Packet Privacy 	Authentication Service 	Kernel Impersonation Level 	Impersonate"
Information	8/17/2021 7:26:59 AM	Microsoft-Windows-RPC	6	(2)	"Server RPC call started. 	InterfaceUuid: 	{84103ccb-2fd7-4d6c-962e-5d8582b4c720} 	OpNum: 	0xA 	Protocol: 	LRPC 	Endpoint 	OLEE70357F00BFDAF2C6DB49749AFC0 	Authentication Level 	Packet Privacy 	Authentication Service 	Kernel"
Information	8/17/2021 7:26:59 AM	Microsoft-Windows-RPC	5	(1)	"Client RPC call started. 	InterfaceUuid: 	{84103ccb-2fd7-4d6c-962e-5d8582b4c720} 	OpNum: 	0xA 	Protocol: 	LRPC 	NetworkAddress 	NULL 	Endpoint 	OLEE70357F00BFDAF2C6DB49749AFC0 	Binding Options 	NULL 	Authentication Level 	Packet Privacy 	Authentication Service 	Kernel Impersonation Level 	Identify"
Information	8/17/2021 7:26:59 AM	Microsoft-Windows-RPC	6	(2)	"Server RPC call started. 	InterfaceUuid: 	{00000132-0000-0000-c000-000000000046} 	OpNum: 	0x3 	Protocol: 	LRPC 	Endpoint 	OLEE70357F00BFDAF2C6DB49749AFC0 	Authentication Level 	Packet Privacy 	Authentication Service 	Kernel"
Information	8/17/2021 7:26:59 AM	Microsoft-Windows-RPC	5	(1)	"Client RPC call started. 	InterfaceUuid: 	{00000132-0000-0000-c000-000000000046} 	OpNum: 	0x3 	Protocol: 	LRPC 	NetworkAddress 	NULL 	Endpoint 	OLEE70357F00BFDAF2C6DB49749AFC0 	Binding Options 	NULL 	Authentication Level 	Packet Privacy 	Authentication Service 	Kernel Impersonation Level 	Impersonate"
Information	8/17/2021 7:26:59 AM	Microsoft-Windows-RPC	6	(2)	"Server RPC call started. 	InterfaceUuid: 	{00000136-0000-0000-c000-000000000046} 	OpNum: 	0x3 	Protocol: 	LRPC 	Endpoint 	epmapper 	Authentication Level 	Packet Privacy 	Authentication Service 	Kernel"
Information	8/17/2021 7:26:59 AM	Microsoft-Windows-RPC	5	(1)	"Client RPC call started. 	InterfaceUuid: 	{00000136-0000-0000-c000-000000000046} 	OpNum: 	0x3 	Protocol: 	LRPC 	NetworkAddress 	NULL 	Endpoint 	epmapper 	Binding Options 	NULL 	Authentication Level 	Packet Privacy 	Authentication Service 	Kernel Impersonation Level 	Impersonate"
Information	8/17/2021 7:26:59 AM	Microsoft-Windows-RPC	6	(2)	"Server RPC call started. 	InterfaceUuid: 	{428d4ddd-3462-43df-9395-1eff13ae7a4b} 	OpNum: 	0x8 	Protocol: 	LRPC 	Endpoint 	OLEA873D1281A685D731BBB56140FEB 	Authentication Level 	Packet Privacy 	Authentication Service 	Kernel"
Information	8/17/2021 7:26:59 AM	Microsoft-Windows-RPC	5	(1)	"Client RPC call started. 	InterfaceUuid: 	{428d4ddd-3462-43df-9395-1eff13ae7a4b} 	OpNum: 	0x8 	Protocol: 	LRPC 	NetworkAddress 	NULL 	Endpoint 	OLEA873D1281A685D731BBB56140FEB 	Binding Options 	NULL 	Authentication Level 	Packet Privacy 	Authentication Service 	Kernel Impersonation Level 	Identify"
Information	8/17/2021 7:26:59 AM	Microsoft-Windows-RPC	6	(2)	"Server RPC call started. 	InterfaceUuid: 	{e60c73e6-88f9-11cf-9af1-0020af6e72f4} 	OpNum: 	0x4 	Protocol: 	LRPC 	Endpoint 	epmapper 	Authentication Level 	Packet Privacy 	Authentication Service 	Kernel"
Information	8/17/2021 7:26:59 AM	Microsoft-Windows-RPC	5	(1)	"Client RPC call started. 	InterfaceUuid: 	{e60c73e6-88f9-11cf-9af1-0020af6e72f4} 	OpNum: 	0x4 	Protocol: 	LRPC 	NetworkAddress 	NULL 	Endpoint 	epmapper 	Binding Options 	NULL 	Authentication Level 	Packet Privacy 	Authentication Service 	Kernel Impersonation Level 	Impersonate"
Information	8/17/2021 7:26:59 AM	Microsoft-Windows-RPC	6	(2)	"Server RPC call started. 	InterfaceUuid: 	{00000134-0000-0000-c000-000000000046} 	OpNum: 	0x5 	Protocol: 	LRPC 	Endpoint 	OLEA873D1281A685D731BBB56140FEB 	Authentication Level 	Packet Privacy 	Authentication Service 	Kernel"
Information	8/17/2021 7:26:59 AM	Microsoft-Windows-RPC	5	(1)	"Client RPC call started. 	InterfaceUuid: 	{00000134-0000-0000-c000-000000000046} 	OpNum: 	0x5 	Protocol: 	LRPC 	NetworkAddress 	NULL 	Endpoint 	OLEA873D1281A685D731BBB56140FEB 	Binding Options 	NULL 	Authentication Level 	Packet Privacy 	Authentication Service 	Kernel Impersonation Level 	Identify"
Information	8/17/2021 7:26:59 AM	Microsoft-Windows-RPC	6	(2)	"Server RPC call started. 	InterfaceUuid: 	{e60c73e6-88f9-11cf-9af1-0020af6e72f4} 	OpNum: 	0x4 	Protocol: 	LRPC 	Endpoint 	epmapper 	Authentication Level 	Packet Privacy 	Authentication Service 	Kernel"
Information	8/17/2021 7:26:59 AM	Microsoft-Windows-RPC	5	(1)	"Client RPC call started. 	InterfaceUuid: 	{e60c73e6-88f9-11cf-9af1-0020af6e72f4} 	OpNum: 	0x4 	Protocol: 	LRPC 	NetworkAddress 	NULL 	Endpoint 	epmapper 	Binding Options 	NULL 	Authentication Level 	Packet Privacy 	Authentication Service 	Kernel Impersonation Level 	Impersonate"
Information	8/17/2021 7:26:59 AM	Microsoft-Windows-RPC	6	(2)	"Server RPC call started. 	InterfaceUuid: 	{6d5140c1-7436-11ce-8034-00aa006009fa} 	OpNum: 	0x3 	Protocol: 	LRPC 	Endpoint 	OLEA873D1281A685D731BBB56140FEB 	Authentication Level 	Packet Privacy 	Authentication Service 	Kernel"
Information	8/17/2021 7:26:59 AM	Microsoft-Windows-RPC	5	(1)	"Client RPC call started. 	InterfaceUuid: 	{6d5140c1-7436-11ce-8034-00aa006009fa} 	OpNum: 	0x3 	Protocol: 	LRPC 	NetworkAddress 	NULL 	Endpoint 	OLEA873D1281A685D731BBB56140FEB 	Binding Options 	NULL 	Authentication Level 	Packet Privacy 	Authentication Service 	Kernel Impersonation Level 	Identify"
Information	8/17/2021 7:26:59 AM	Microsoft-Windows-RPC	6	(2)	"Server RPC call started. 	InterfaceUuid: 	{e60c73e6-88f9-11cf-9af1-0020af6e72f4} 	OpNum: 	0x4 	Protocol: 	LRPC 	Endpoint 	epmapper 	Authentication Level 	Packet Privacy 	Authentication Service 	Kernel"
Information	8/17/2021 7:26:59 AM	Microsoft-Windows-RPC	5	(1)	"Client RPC call started. 	InterfaceUuid: 	{e60c73e6-88f9-11cf-9af1-0020af6e72f4} 	OpNum: 	0x4 	Protocol: 	LRPC 	NetworkAddress 	NULL 	Endpoint 	epmapper 	Binding Options 	NULL 	Authentication Level 	Packet Privacy 	Authentication Service 	Kernel Impersonation Level 	Impersonate"
Information	8/17/2021 7:26:59 AM	Microsoft-Windows-RPC	6	(2)	"Server RPC call started. 	InterfaceUuid: 	{00000132-0000-0000-c000-000000000046} 	OpNum: 	0x4 	Protocol: 	LRPC 	Endpoint 	OLEA873D1281A685D731BBB56140FEB 	Authentication Level 	Packet Privacy 	Authentication Service 	Kernel"
Information	8/17/2021 7:26:59 AM	Microsoft-Windows-RPC	5	(1)	"Client RPC call started. 	InterfaceUuid: 	{00000132-0000-0000-c000-000000000046} 	OpNum: 	0x4 	Protocol: 	LRPC 	NetworkAddress 	NULL 	Endpoint 	OLEA873D1281A685D731BBB56140FEB 	Binding Options 	NULL 	Authentication Level 	Packet Privacy 	Authentication Service 	Kernel Impersonation Level 	Impersonate"
Information	8/17/2021 7:26:59 AM	Microsoft-Windows-RPC	6	(2)	"Server RPC call started. 	InterfaceUuid: 	{00000136-0000-0000-c000-000000000046} 	OpNum: 	0x4 	Protocol: 	LRPC 	Endpoint 	epmapper 	Authentication Level 	Packet Privacy 	Authentication Service 	Kernel"
Information	8/17/2021 7:26:59 AM	Microsoft-Windows-RPC	5	(1)	"Client RPC call started. 	InterfaceUuid: 	{00000136-0000-0000-c000-000000000046} 	OpNum: 	0x4 	Protocol: 	LRPC 	NetworkAddress 	NULL 	Endpoint 	epmapper 	Binding Options 	NULL 	Authentication Level 	Packet Privacy 	Authentication Service 	Kernel Impersonation Level 	Impersonate"
Information	8/17/2021 7:26:59 AM	Microsoft-Windows-RPC	6	(2)	"Server RPC call started. 	InterfaceUuid: 	{e87e2bc9-ec45-4ddb-95e1-b275d66cbeaa} 	OpNum: 	0x3 	Protocol: 	LRPC 	Endpoint 	OLE0A6E1FBBC8FA7911A55D487B9FAF 	Authentication Level 	Packet Privacy 	Authentication Service 	Kernel"
Information	8/17/2021 7:26:59 AM	Microsoft-Windows-RPC	5	(1)	"Client RPC call started. 	InterfaceUuid: 	{e87e2bc9-ec45-4ddb-95e1-b275d66cbeaa} 	OpNum: 	0x3 	Protocol: 	LRPC 	NetworkAddress 	NULL 	Endpoint 	OLE0A6E1FBBC8FA7911A55D487B9FAF 	Binding Options 	NULL 	Authentication Level 	Packet Privacy 	Authentication Service 	Kernel Impersonation Level 	Identify"
Information	8/17/2021 7:26:59 AM	Microsoft-Windows-RPC	6	(2)	"Server RPC call started. 	InterfaceUuid: 	{e87e2bc9-ec45-4ddb-95e1-b275d66cbeaa} 	OpNum: 	0x3 	Protocol: 	LRPC 	Endpoint 	OLE0A6E1FBBC8FA7911A55D487B9FAF 	Authentication Level 	Packet Privacy 	Authentication Service 	Kernel"
Information	8/17/2021 7:26:59 AM	Microsoft-Windows-RPC	5	(1)	"Client RPC call started. 	InterfaceUuid: 	{e87e2bc9-ec45-4ddb-95e1-b275d66cbeaa} 	OpNum: 	0x3 	Protocol: 	LRPC 	NetworkAddress 	NULL 	Endpoint 	OLE0A6E1FBBC8FA7911A55D487B9FAF 	Binding Options 	NULL 	Authentication Level 	Packet Privacy 	Authentication Service 	Kernel Impersonation Level 	Identify"
Information	8/17/2021 7:26:59 AM	Microsoft-Windows-RPC	6	(2)	"Server RPC call started. 	InterfaceUuid: 	{e87e2bc9-ec45-4ddb-95e1-b275d66cbeaa} 	OpNum: 	0x3 	Protocol: 	LRPC 	Endpoint 	OLE0A6E1FBBC8FA7911A55D487B9FAF 	Authentication Level 	Packet Privacy 	Authentication Service 	Kernel"
Information	8/17/2021 7:26:59 AM	Microsoft-Windows-RPC	5	(1)	"Client RPC call started. 	InterfaceUuid: 	{e87e2bc9-ec45-4ddb-95e1-b275d66cbeaa} 	OpNum: 	0x3 	Protocol: 	LRPC 	NetworkAddress 	NULL 	Endpoint 	OLE0A6E1FBBC8FA7911A55D487B9FAF 	Binding Options 	NULL 	Authentication Level 	Packet Privacy 	Authentication Service 	Kernel Impersonation Level 	Identify"
Information	8/17/2021 7:26:59 AM	Microsoft-Windows-RPC	6	(2)	"Server RPC call started. 	InterfaceUuid: 	{e87e2bc9-ec45-4ddb-95e1-b275d66cbeaa} 	OpNum: 	0x3 	Protocol: 	LRPC 	Endpoint 	OLE0A6E1FBBC8FA7911A55D487B9FAF 	Authentication Level 	Packet Privacy 	Authentication Service 	Kernel"
Information	8/17/2021 7:26:59 AM	Microsoft-Windows-RPC	5	(1)	"Client RPC call started. 	InterfaceUuid: 	{e87e2bc9-ec45-4ddb-95e1-b275d66cbeaa} 	OpNum: 	0x3 	Protocol: 	LRPC 	NetworkAddress 	NULL 	Endpoint 	OLE0A6E1FBBC8FA7911A55D487B9FAF 	Binding Options 	NULL 	Authentication Level 	Packet Privacy 	Authentication Service 	Kernel Impersonation Level 	Identify"
Information	8/17/2021 7:26:59 AM	Microsoft-Windows-RPC	6	(2)	"Server RPC call started. 	InterfaceUuid: 	{e60c73e6-88f9-11cf-9af1-0020af6e72f4} 	OpNum: 	0x4 	Protocol: 	LRPC 	Endpoint 	epmapper 	Authentication Level 	Packet Privacy 	Authentication Service 	Kernel"
Information	8/17/2021 7:26:59 AM	Microsoft-Windows-RPC	5	(1)	"Client RPC call started. 	InterfaceUuid: 	{e60c73e6-88f9-11cf-9af1-0020af6e72f4} 	OpNum: 	0x4 	Protocol: 	LRPC 	NetworkAddress 	NULL 	Endpoint 	epmapper 	Binding Options 	NULL 	Authentication Level 	Packet Privacy 	Authentication Service 	Kernel Impersonation Level 	Impersonate"
Information	8/17/2021 7:26:59 AM	Microsoft-Windows-RPC	6	(2)	"Server RPC call started. 	InterfaceUuid: 	{00000134-0000-0000-c000-000000000046} 	OpNum: 	0x5 	Protocol: 	LRPC 	Endpoint 	OLE0A6E1FBBC8FA7911A55D487B9FAF 	Authentication Level 	Packet Privacy 	Authentication Service 	Kernel"
Information	8/17/2021 7:26:59 AM	Microsoft-Windows-RPC	5	(1)	"Client RPC call started. 	InterfaceUuid: 	{00000134-0000-0000-c000-000000000046} 	OpNum: 	0x5 	Protocol: 	LRPC 	NetworkAddress 	NULL 	Endpoint 	OLE0A6E1FBBC8FA7911A55D487B9FAF 	Binding Options 	NULL 	Authentication Level 	Packet Privacy 	Authentication Service 	Kernel Impersonation Level 	Identify"
Information	8/17/2021 7:26:59 AM	Microsoft-Windows-RPC	6	(2)	"Server RPC call started. 	InterfaceUuid: 	{e60c73e6-88f9-11cf-9af1-0020af6e72f4} 	OpNum: 	0x4 	Protocol: 	LRPC 	Endpoint 	epmapper 	Authentication Level 	Packet Privacy 	Authentication Service 	Kernel"
Information	8/17/2021 7:26:59 AM	Microsoft-Windows-RPC	5	(1)	"Client RPC call started. 	InterfaceUuid: 	{e60c73e6-88f9-11cf-9af1-0020af6e72f4} 	OpNum: 	0x4 	Protocol: 	LRPC 	NetworkAddress 	NULL 	Endpoint 	epmapper 	Binding Options 	NULL 	Authentication Level 	Packet Privacy 	Authentication Service 	Kernel Impersonation Level 	Impersonate"
Information	8/17/2021 7:26:59 AM	Microsoft-Windows-RPC	14	(4)	"RPC interface registered. 	Interface UUID {e87e2bc9-ec45-4ddb-95e1-b275d66cbeaa}	TypeMgr {00000000-0000-0000-0000-000000000000}	Flags 0x53	Max Calls 1234"
Information	8/17/2021 7:26:59 AM	Microsoft-Windows-RPC	6	(2)	"Server RPC call started. 	InterfaceUuid: 	{6d5140c1-7436-11ce-8034-00aa006009fa} 	OpNum: 	0x3 	Protocol: 	LRPC 	Endpoint 	OLE0A6E1FBBC8FA7911A55D487B9FAF 	Authentication Level 	Packet Privacy 	Authentication Service 	Kernel"
Information	8/17/2021 7:26:59 AM	Microsoft-Windows-RPC	5	(1)	"Client RPC call started. 	InterfaceUuid: 	{6d5140c1-7436-11ce-8034-00aa006009fa} 	OpNum: 	0x3 	Protocol: 	LRPC 	NetworkAddress 	NULL 	Endpoint 	OLE0A6E1FBBC8FA7911A55D487B9FAF 	Binding Options 	NULL 	Authentication Level 	Packet Privacy 	Authentication Service 	Kernel Impersonation Level 	Identify"
Information	8/17/2021 7:26:59 AM	Microsoft-Windows-RPC	6	(2)	"Server RPC call started. 	InterfaceUuid: 	{e60c73e6-88f9-11cf-9af1-0020af6e72f4} 	OpNum: 	0x4 	Protocol: 	LRPC 	Endpoint 	epmapper 	Authentication Level 	Packet Privacy 	Authentication Service 	Kernel"
Information	8/17/2021 7:26:59 AM	Microsoft-Windows-RPC	5	(1)	"Client RPC call started. 	InterfaceUuid: 	{e60c73e6-88f9-11cf-9af1-0020af6e72f4} 	OpNum: 	0x4 	Protocol: 	LRPC 	NetworkAddress 	NULL 	Endpoint 	epmapper 	Binding Options 	NULL 	Authentication Level 	Packet Privacy 	Authentication Service 	Kernel Impersonation Level 	Impersonate"
Information	8/17/2021 7:26:59 AM	Microsoft-Windows-RPC	6	(2)	"Server RPC call started. 	InterfaceUuid: 	{00000134-0000-0000-c000-000000000046} 	OpNum: 	0x5 	Protocol: 	LRPC 	Endpoint 	OLE0A6E1FBBC8FA7911A55D487B9FAF 	Authentication Level 	Packet Privacy 	Authentication Service 	Kernel"
Information	8/17/2021 7:26:59 AM	Microsoft-Windows-RPC	5	(1)	"Client RPC call started. 	InterfaceUuid: 	{00000134-0000-0000-c000-000000000046} 	OpNum: 	0x5 	Protocol: 	LRPC 	NetworkAddress 	NULL 	Endpoint 	OLE0A6E1FBBC8FA7911A55D487B9FAF 	Binding Options 	NULL 	Authentication Level 	Packet Privacy 	Authentication Service 	Kernel Impersonation Level 	Identify"
Information	8/17/2021 7:26:59 AM	Microsoft-Windows-RPC	6	(2)	"Server RPC call started. 	InterfaceUuid: 	{e60c73e6-88f9-11cf-9af1-0020af6e72f4} 	OpNum: 	0x3 	Protocol: 	LRPC 	Endpoint 	epmapper 	Authentication Level 	Packet Privacy 	Authentication Service 	Kernel"
Information	8/17/2021 7:26:59 AM	Microsoft-Windows-RPC	5	(1)	"Client RPC call started. 	InterfaceUuid: 	{e60c73e6-88f9-11cf-9af1-0020af6e72f4} 	OpNum: 	0x3 	Protocol: 	LRPC 	NetworkAddress 	NULL 	Endpoint 	epmapper 	Binding Options 	NULL 	Authentication Level 	Packet Privacy 	Authentication Service 	Kernel Impersonation Level 	Impersonate"
Information	8/17/2021 7:26:59 AM	Microsoft-Windows-RPC	6	(2)	"Server RPC call started. 	InterfaceUuid: 	{e60c73e6-88f9-11cf-9af1-0020af6e72f4} 	OpNum: 	0x4 	Protocol: 	LRPC 	Endpoint 	epmapper 	Authentication Level 	Packet Privacy 	Authentication Service 	Kernel"
Information	8/17/2021 7:26:59 AM	Microsoft-Windows-RPC	5	(1)	"Client RPC call started. 	InterfaceUuid: 	{e60c73e6-88f9-11cf-9af1-0020af6e72f4} 	OpNum: 	0x4 	Protocol: 	LRPC 	NetworkAddress 	NULL 	Endpoint 	epmapper 	Binding Options 	NULL 	Authentication Level 	Packet Privacy 	Authentication Service 	Kernel Impersonation Level 	Impersonate"
Information	8/17/2021 7:26:59 AM	Microsoft-Windows-RPC	6	(2)	"Server RPC call started. 	InterfaceUuid: 	{00000001-0000-0000-c000-000000000046} 	OpNum: 	0x3 	Protocol: 	LRPC 	Endpoint 	OLE0A6E1FBBC8FA7911A55D487B9FAF 	Authentication Level 	Packet Privacy 	Authentication Service 	Kernel"
Information	8/17/2021 7:26:59 AM	Microsoft-Windows-RPC	5	(1)	"Client RPC call started. 	InterfaceUuid: 	{00000001-0000-0000-c000-000000000046} 	OpNum: 	0x3 	Protocol: 	LRPC 	NetworkAddress 	NULL 	Endpoint 	OLE0A6E1FBBC8FA7911A55D487B9FAF 	Binding Options 	NULL 	Authentication Level 	Packet Privacy 	Authentication Service 	Kernel Impersonation Level 	Identify"
Information	8/17/2021 7:26:59 AM	Microsoft-Windows-RPC	6	(2)	"Server RPC call started. 	InterfaceUuid: 	{fb8a0729-2d04-4658-be93-27b4ad553fac} 	OpNum: 	0x1 	Protocol: 	LRPC 	Endpoint 	lsapolicylookup 	Authentication Level 	Packet Privacy 	Authentication Service 	Kernel"
Information	8/17/2021 7:26:59 AM	Microsoft-Windows-RPC	5	(1)	"Client RPC call started. 	InterfaceUuid: 	{fb8a0729-2d04-4658-be93-27b4ad553fac} 	OpNum: 	0x1 	Protocol: 	LRPC 	NetworkAddress 	NULL 	Endpoint 	lsapolicylookup 	Binding Options 	NULL 	Authentication Level 	Packet Privacy 	Authentication Service 	Kernel Impersonation Level 	Default"
Information	8/17/2021 7:26:59 AM	Microsoft-Windows-RPC	6	(2)	"Server RPC call started. 	InterfaceUuid: 	{fb8a0729-2d04-4658-be93-27b4ad553fac} 	OpNum: 	0x3 	Protocol: 	LRPC 	Endpoint 	lsapolicylookup 	Authentication Level 	Packet Privacy 	Authentication Service 	Kernel"
Information	8/17/2021 7:26:59 AM	Microsoft-Windows-RPC	5	(1)	"Client RPC call started. 	InterfaceUuid: 	{fb8a0729-2d04-4658-be93-27b4ad553fac} 	OpNum: 	0x3 	Protocol: 	LRPC 	NetworkAddress 	NULL 	Endpoint 	lsapolicylookup 	Binding Options 	NULL 	Authentication Level 	Packet Privacy 	Authentication Service 	Kernel Impersonation Level 	Default"
Information	8/17/2021 7:26:59 AM	Microsoft-Windows-RPC	6	(2)	"Server RPC call started. 	InterfaceUuid: 	{fb8a0729-2d04-4658-be93-27b4ad553fac} 	OpNum: 	0x0 	Protocol: 	LRPC 	Endpoint 	lsapolicylookup 	Authentication Level 	Packet Privacy 	Authentication Service 	Kernel"
Information	8/17/2021 7:26:59 AM	Microsoft-Windows-RPC	5	(1)	"Client RPC call started. 	InterfaceUuid: 	{fb8a0729-2d04-4658-be93-27b4ad553fac} 	OpNum: 	0x0 	Protocol: 	LRPC 	NetworkAddress 	NULL 	Endpoint 	lsapolicylookup 	Binding Options 	NULL 	Authentication Level 	Packet Privacy 	Authentication Service 	Kernel Impersonation Level 	Default"
Information	8/17/2021 7:26:59 AM	Microsoft-Windows-RPC	6	(2)	"Server RPC call started. 	InterfaceUuid: 	{e60c73e6-88f9-11cf-9af1-0020af6e72f4} 	OpNum: 	0x4 	Protocol: 	LRPC 	Endpoint 	epmapper 	Authentication Level 	Packet Privacy 	Authentication Service 	Kernel"
Information	8/17/2021 7:26:59 AM	Microsoft-Windows-RPC	5	(1)	"Client RPC call started. 	InterfaceUuid: 	{e60c73e6-88f9-11cf-9af1-0020af6e72f4} 	OpNum: 	0x4 	Protocol: 	LRPC 	NetworkAddress 	NULL 	Endpoint 	epmapper 	Binding Options 	NULL 	Authentication Level 	Packet Privacy 	Authentication Service 	Kernel Impersonation Level 	Impersonate"
Information	8/17/2021 7:26:59 AM	Microsoft-Windows-RPC	14	(4)	"RPC interface registered. 	Interface UUID {00000001-0000-0000-c000-000000000046}	TypeMgr {00000000-0000-0000-0000-000000000000}	Flags 0x53	Max Calls 1234"
Information	8/17/2021 7:26:59 AM	Microsoft-Windows-RPC	6	(2)	"Server RPC call started. 	InterfaceUuid: 	{00000132-0000-0000-c000-000000000046} 	OpNum: 	0x3 	Protocol: 	LRPC 	Endpoint 	OLE0A6E1FBBC8FA7911A55D487B9FAF 	Authentication Level 	Packet Privacy 	Authentication Service 	Kernel"
Information	8/17/2021 7:26:59 AM	Microsoft-Windows-RPC	6	(2)	"Server RPC call started. 	InterfaceUuid: 	{9b008953-f195-4bf9-bde0-4471971e58ed} 	OpNum: 	0x1 	Protocol: 	LRPC 	Endpoint 	LRPC-4efa2267ce4231c303 	Authentication Level 	Packet Privacy 	Authentication Service 	Kernel"
Information	8/17/2021 7:26:59 AM	Microsoft-Windows-RPC	5	(1)	"Client RPC call started. 	InterfaceUuid: 	{9b008953-f195-4bf9-bde0-4471971e58ed} 	OpNum: 	0x1 	Protocol: 	LRPC 	NetworkAddress 	NULL 	Endpoint 	LRPC-4efa2267ce4231c303 	Binding Options 	NULL 	Authentication Level 	Packet Privacy 	Authentication Service 	Kernel Impersonation Level 	Identify"
Information	8/17/2021 7:26:59 AM	Microsoft-Windows-RPC	5	(1)	"Client RPC call started. 	InterfaceUuid: 	{00000132-0000-0000-c000-000000000046} 	OpNum: 	0x3 	Protocol: 	LRPC 	NetworkAddress 	NULL 	Endpoint 	OLE0A6E1FBBC8FA7911A55D487B9FAF 	Binding Options 	NULL 	Authentication Level 	Packet Privacy 	Authentication Service 	Kernel Impersonation Level 	Impersonate"
Information	8/17/2021 7:26:59 AM	Microsoft-Windows-RPC	6	(2)	"Server RPC call started. 	InterfaceUuid: 	{00000136-0000-0000-c000-000000000046} 	OpNum: 	0x3 	Protocol: 	LRPC 	Endpoint 	epmapper 	Authentication Level 	Packet Privacy 	Authentication Service 	Kernel"
Information	8/17/2021 7:26:59 AM	Microsoft-Windows-RPC	6	(2)	"Server RPC call started. 	InterfaceUuid: 	{e1af8308-5d1f-11c9-91a4-08002b14a0fa} 	OpNum: 	0x3 	Protocol: 	LRPC 	Endpoint 	epmapper 	Authentication Level 	Packet Privacy 	Authentication Service 	Kernel"
Information	8/17/2021 7:26:59 AM	Microsoft-Windows-RPC	5	(1)	"Client RPC call started. 	InterfaceUuid: 	{e1af8308-5d1f-11c9-91a4-08002b14a0fa} 	OpNum: 	0x3 	Protocol: 	LRPC 	NetworkAddress 	NULL 	Endpoint 	epmapper 	Binding Options 	NULL 	Authentication Level 	Packet Privacy 	Authentication Service 	Kernel Impersonation Level 	Identify"
Information	8/17/2021 7:26:59 AM	Microsoft-Windows-RPC	5	(1)	"Client RPC call started. 	InterfaceUuid: 	{00000136-0000-0000-c000-000000000046} 	OpNum: 	0x3 	Protocol: 	LRPC 	NetworkAddress 	NULL 	Endpoint 	epmapper 	Binding Options 	NULL 	Authentication Level 	Packet Privacy 	Authentication Service 	Kernel Impersonation Level 	Impersonate"
Information	8/17/2021 7:26:59 AM	Microsoft-Windows-RPC	6	(2)	"Server RPC call started. 	InterfaceUuid: 	{e1af8308-5d1f-11c9-91a4-08002b14a0fa} 	OpNum: 	0x7 	Protocol: 	LRPC 	Endpoint 	epmapper 	Authentication Level 	Packet Privacy 	Authentication Service 	Kernel"
Information	8/17/2021 7:26:59 AM	Microsoft-Windows-RPC	5	(1)	"Client RPC call started. 	InterfaceUuid: 	{e1af8308-5d1f-11c9-91a4-08002b14a0fa} 	OpNum: 	0x7 	Protocol: 	LRPC 	NetworkAddress 	NULL 	Endpoint 	epmapper 	Binding Options 	NULL 	Authentication Level 	Packet Privacy 	Authentication Service 	Kernel Impersonation Level 	Identify"
Information	8/17/2021 7:26:59 AM	Microsoft-Windows-RPC	6	(2)	"Server RPC call started. 	InterfaceUuid: 	{00000134-0000-0000-c000-000000000046} 	OpNum: 	0x5 	Protocol: 	LRPC 	Endpoint 	OLE9FF44EB366DDC413A5E3AE131888 	Authentication Level 	Packet Privacy 	Authentication Service 	Kernel"
Information	8/17/2021 7:26:59 AM	Microsoft-Windows-RPC	5	(1)	"Client RPC call started. 	InterfaceUuid: 	{00000134-0000-0000-c000-000000000046} 	OpNum: 	0x5 	Protocol: 	LRPC 	NetworkAddress 	NULL 	Endpoint 	OLE9FF44EB366DDC413A5E3AE131888 	Binding Options 	NULL 	Authentication Level 	Packet Privacy 	Authentication Service 	Kernel Impersonation Level 	Identify"
Information	8/17/2021 7:26:59 AM	Microsoft-Windows-RPC	6	(2)	"Server RPC call started. 	InterfaceUuid: 	{00000134-0000-0000-c000-000000000046} 	OpNum: 	0x3 	Protocol: 	LRPC 	Endpoint 	OLE9FF44EB366DDC413A5E3AE131888 	Authentication Level 	Packet Privacy 	Authentication Service 	Kernel"
Information	8/17/2021 7:26:59 AM	Microsoft-Windows-RPC	5	(1)	"Client RPC call started. 	InterfaceUuid: 	{00000134-0000-0000-c000-000000000046} 	OpNum: 	0x3 	Protocol: 	LRPC 	NetworkAddress 	NULL 	Endpoint 	OLE9FF44EB366DDC413A5E3AE131888 	Binding Options 	NULL 	Authentication Level 	Packet Privacy 	Authentication Service 	Kernel Impersonation Level 	Identify"
Information	8/17/2021 7:26:59 AM	Microsoft-Windows-RPC	6	(2)	"Server RPC call started. 	InterfaceUuid: 	{a1b7de7a-4e77-43db-ae78-96fc182fed4a} 	OpNum: 	0xE 	Protocol: 	LRPC 	Endpoint 	OLE9FF44EB366DDC413A5E3AE131888 	Authentication Level 	Packet Privacy 	Authentication Service 	Kernel"
Information	8/17/2021 7:26:59 AM	Microsoft-Windows-RPC	5	(1)	"Client RPC call started. 	InterfaceUuid: 	{a1b7de7a-4e77-43db-ae78-96fc182fed4a} 	OpNum: 	0xE 	Protocol: 	LRPC 	NetworkAddress 	NULL 	Endpoint 	OLE9FF44EB366DDC413A5E3AE131888 	Binding Options 	NULL 	Authentication Level 	Packet Privacy 	Authentication Service 	Kernel Impersonation Level 	Identify"
Information	8/17/2021 7:26:59 AM	Microsoft-Windows-RPC	6	(2)	"Server RPC call started. 	InterfaceUuid: 	{00000134-0000-0000-c000-000000000046} 	OpNum: 	0x5 	Protocol: 	LRPC 	Endpoint 	OLE6DAE6D441C6DB15C9F7165B5F42F 	Authentication Level 	Packet Privacy 	Authentication Service 	Kernel"
Information	8/17/2021 7:26:59 AM	Microsoft-Windows-RPC	5	(1)	"Client RPC call started. 	InterfaceUuid: 	{00000134-0000-0000-c000-000000000046} 	OpNum: 	0x5 	Protocol: 	LRPC 	NetworkAddress 	NULL 	Endpoint 	OLE6DAE6D441C6DB15C9F7165B5F42F 	Binding Options 	NULL 	Authentication Level 	Packet Privacy 	Authentication Service 	Kernel Impersonation Level 	Identify"
Information	8/17/2021 7:26:59 AM	Microsoft-Windows-RPC	6	(2)	"Server RPC call started. 	InterfaceUuid: 	{4d10b48b-c531-4731-9bde-b03c28e9c61c} 	OpNum: 	0xB 	Protocol: 	LRPC 	Endpoint 	OLE6DAE6D441C6DB15C9F7165B5F42F 	Authentication Level 	Packet Privacy 	Authentication Service 	Kernel"
Information	8/17/2021 7:26:59 AM	Microsoft-Windows-RPC	5	(1)	"Client RPC call started. 	InterfaceUuid: 	{4d10b48b-c531-4731-9bde-b03c28e9c61c} 	OpNum: 	0xB 	Protocol: 	LRPC 	NetworkAddress 	NULL 	Endpoint 	OLE6DAE6D441C6DB15C9F7165B5F42F 	Binding Options 	NULL 	Authentication Level 	Packet Privacy 	Authentication Service 	Kernel Impersonation Level 	Identify"
Information	8/17/2021 7:26:59 AM	Microsoft-Windows-RPC	6	(2)	"Server RPC call started. 	InterfaceUuid: 	{a1b7de7a-4e77-43db-ae78-96fc182fed4a} 	OpNum: 	0x13 	Protocol: 	LRPC 	Endpoint 	OLE9FF44EB366DDC413A5E3AE131888 	Authentication Level 	Packet Privacy 	Authentication Service 	Kernel"
Information	8/17/2021 7:26:59 AM	Microsoft-Windows-RPC	5	(1)	"Client RPC call started. 	InterfaceUuid: 	{a1b7de7a-4e77-43db-ae78-96fc182fed4a} 	OpNum: 	0x13 	Protocol: 	LRPC 	NetworkAddress 	NULL 	Endpoint 	OLE9FF44EB366DDC413A5E3AE131888 	Binding Options 	NULL 	Authentication Level 	Packet Privacy 	Authentication Service 	Kernel Impersonation Level 	Identify"
Information	8/17/2021 7:26:59 AM	Microsoft-Windows-RPC	6	(2)	"Server RPC call started. 	InterfaceUuid: 	{959c5a99-177c-478e-8c3b-77e07e9bf3aa} 	OpNum: 	0x3 	Protocol: 	LRPC 	Endpoint 	OLE9FF44EB366DDC413A5E3AE131888 	Authentication Level 	Packet Privacy 	Authentication Service 	Kernel"
Information	8/17/2021 7:26:59 AM	Microsoft-Windows-RPC	5	(1)	"Client RPC call started. 	InterfaceUuid: 	{959c5a99-177c-478e-8c3b-77e07e9bf3aa} 	OpNum: 	0x3 	Protocol: 	LRPC 	NetworkAddress 	NULL 	Endpoint 	OLE9FF44EB366DDC413A5E3AE131888 	Binding Options 	NULL 	Authentication Level 	Packet Privacy 	Authentication Service 	Kernel Impersonation Level 	Identify"
Information	8/17/2021 7:26:59 AM	Microsoft-Windows-RPC	6	(2)	"Server RPC call started. 	InterfaceUuid: 	{bde95fdf-eee0-45de-9e12-e5a61cd0d4fe} 	OpNum: 	0x9 	Protocol: 	LRPC 	Endpoint 	TermSrvApi 	Authentication Level 	Packet Privacy 	Authentication Service 	Kernel"
Information	8/17/2021 7:26:59 AM	Microsoft-Windows-RPC	5	(1)	"Client RPC call started. 	InterfaceUuid: 	{bde95fdf-eee0-45de-9e12-e5a61cd0d4fe} 	OpNum: 	0x9 	Protocol: 	LRPC 	NetworkAddress 	NULL 	Endpoint 	TermSrvApi 	Binding Options 	NULL 	Authentication Level 	Packet Privacy 	Authentication Service 	Kernel Impersonation Level 	Impersonate"
Information	8/17/2021 7:26:59 AM	Microsoft-Windows-RPC	6	(2)	"Server RPC call started. 	InterfaceUuid: 	{484809d6-4239-471b-b5bc-61df8c23ac48} 	OpNum: 	0xC 	Protocol: 	LRPC 	Endpoint 	LSMApi 	Authentication Level 	Packet Privacy 	Authentication Service 	Kernel"
Information	8/17/2021 7:26:59 AM	Microsoft-Windows-RPC	5	(1)	"Client RPC call started. 	InterfaceUuid: 	{484809d6-4239-471b-b5bc-61df8c23ac48} 	OpNum: 	0xC 	Protocol: 	LRPC 	NetworkAddress 	NULL 	Endpoint 	LSMApi 	Binding Options 	NULL 	Authentication Level 	Packet Privacy 	Authentication Service 	Kernel Impersonation Level 	Impersonate"
Information	8/17/2021 7:26:59 AM	Microsoft-Windows-RPC	6	(2)	"Server RPC call started. 	InterfaceUuid: 	{88143fd0-c28d-4b2b-8fef-8d882f6a9390} 	OpNum: 	0x1 	Protocol: 	LRPC 	Endpoint 	LSMApi 	Authentication Level 	Packet Privacy 	Authentication Service 	Kernel"
Information	8/17/2021 7:26:59 AM	Microsoft-Windows-RPC	5	(1)	"Client RPC call started. 	InterfaceUuid: 	{88143fd0-c28d-4b2b-8fef-8d882f6a9390} 	OpNum: 	0x1 	Protocol: 	LRPC 	NetworkAddress 	NULL 	Endpoint 	LSMApi 	Binding Options 	NULL 	Authentication Level 	Packet Privacy 	Authentication Service 	Kernel Impersonation Level 	Impersonate"
Information	8/17/2021 7:26:59 AM	Microsoft-Windows-RPC	6	(2)	"Server RPC call started. 	InterfaceUuid: 	{bde95fdf-eee0-45de-9e12-e5a61cd0d4fe} 	OpNum: 	0x8 	Protocol: 	LRPC 	Endpoint 	TermSrvApi 	Authentication Level 	Packet Privacy 	Authentication Service 	Kernel"
Information	8/17/2021 7:26:59 AM	Microsoft-Windows-RPC	5	(1)	"Client RPC call started. 	InterfaceUuid: 	{bde95fdf-eee0-45de-9e12-e5a61cd0d4fe} 	OpNum: 	0x8 	Protocol: 	LRPC 	NetworkAddress 	NULL 	Endpoint 	TermSrvApi 	Binding Options 	NULL 	Authentication Level 	Packet Privacy 	Authentication Service 	Kernel Impersonation Level 	Impersonate"
Information	8/17/2021 7:26:59 AM	Microsoft-Windows-RPC	6	(2)	"Server RPC call started. 	InterfaceUuid: 	{88143fd0-c28d-4b2b-8fef-8d882f6a9390} 	OpNum: 	0x5 	Protocol: 	LRPC 	Endpoint 	LSMApi 	Authentication Level 	Packet Privacy 	Authentication Service 	Kernel"
Information	8/17/2021 7:26:59 AM	Microsoft-Windows-RPC	5	(1)	"Client RPC call started. 	InterfaceUuid: 	{88143fd0-c28d-4b2b-8fef-8d882f6a9390} 	OpNum: 	0x5 	Protocol: 	LRPC 	NetworkAddress 	NULL 	Endpoint 	LSMApi 	Binding Options 	NULL 	Authentication Level 	Packet Privacy 	Authentication Service 	Kernel Impersonation Level 	Impersonate"
Information	8/17/2021 7:26:59 AM	Microsoft-Windows-RPC	6	(2)	"Server RPC call started. 	InterfaceUuid: 	{88143fd0-c28d-4b2b-8fef-8d882f6a9390} 	OpNum: 	0x0 	Protocol: 	LRPC 	Endpoint 	LSMApi 	Authentication Level 	Packet Privacy 	Authentication Service 	Kernel"
Information	8/17/2021 7:26:59 AM	Microsoft-Windows-RPC	5	(1)	"Client RPC call started. 	InterfaceUuid: 	{88143fd0-c28d-4b2b-8fef-8d882f6a9390} 	OpNum: 	0x0 	Protocol: 	LRPC 	NetworkAddress 	NULL 	Endpoint 	LSMApi 	Binding Options 	NULL 	Authentication Level 	Packet Privacy 	Authentication Service 	Kernel Impersonation Level 	Impersonate"
Information	8/17/2021 7:26:59 AM	Microsoft-Windows-RPC	6	(2)	"Server RPC call started. 	InterfaceUuid: 	{00000134-0000-0000-c000-000000000046} 	OpNum: 	0x5 	Protocol: 	LRPC 	Endpoint 	OLE9FF44EB366DDC413A5E3AE131888 	Authentication Level 	Packet Privacy 	Authentication Service 	Kernel"
Information	8/17/2021 7:26:59 AM	Microsoft-Windows-RPC	5	(1)	"Client RPC call started. 	InterfaceUuid: 	{00000134-0000-0000-c000-000000000046} 	OpNum: 	0x5 	Protocol: 	LRPC 	NetworkAddress 	NULL 	Endpoint 	OLE9FF44EB366DDC413A5E3AE131888 	Binding Options 	NULL 	Authentication Level 	Packet Privacy 	Authentication Service 	Kernel Impersonation Level 	Identify"
Information	8/17/2021 7:26:59 AM	Microsoft-Windows-RPC	6	(2)	"Server RPC call started. 	InterfaceUuid: 	{00000134-0000-0000-c000-000000000046} 	OpNum: 	0x3 	Protocol: 	LRPC 	Endpoint 	OLE9FF44EB366DDC413A5E3AE131888 	Authentication Level 	Packet Privacy 	Authentication Service 	Kernel"
Information	8/17/2021 7:26:59 AM	Microsoft-Windows-RPC	5	(1)	"Client RPC call started. 	InterfaceUuid: 	{00000134-0000-0000-c000-000000000046} 	OpNum: 	0x3 	Protocol: 	LRPC 	NetworkAddress 	NULL 	Endpoint 	OLE9FF44EB366DDC413A5E3AE131888 	Binding Options 	NULL 	Authentication Level 	Packet Privacy 	Authentication Service 	Kernel Impersonation Level 	Identify"
Information	8/17/2021 7:26:59 AM	Microsoft-Windows-RPC	6	(2)	"Server RPC call started. 	InterfaceUuid: 	{a1b7de7a-4e77-43db-ae78-96fc182fed4a} 	OpNum: 	0xE 	Protocol: 	LRPC 	Endpoint 	OLE9FF44EB366DDC413A5E3AE131888 	Authentication Level 	Packet Privacy 	Authentication Service 	Kernel"
Information	8/17/2021 7:26:59 AM	Microsoft-Windows-RPC	5	(1)	"Client RPC call started. 	InterfaceUuid: 	{a1b7de7a-4e77-43db-ae78-96fc182fed4a} 	OpNum: 	0xE 	Protocol: 	LRPC 	NetworkAddress 	NULL 	Endpoint 	OLE9FF44EB366DDC413A5E3AE131888 	Binding Options 	NULL 	Authentication Level 	Packet Privacy 	Authentication Service 	Kernel Impersonation Level 	Identify"
Information	8/17/2021 7:26:59 AM	Microsoft-Windows-RPC	6	(2)	"Server RPC call started. 	InterfaceUuid: 	{00000134-0000-0000-c000-000000000046} 	OpNum: 	0x5 	Protocol: 	LRPC 	Endpoint 	OLE6DAE6D441C6DB15C9F7165B5F42F 	Authentication Level 	Packet Privacy 	Authentication Service 	Kernel"
Information	8/17/2021 7:26:59 AM	Microsoft-Windows-RPC	5	(1)	"Client RPC call started. 	InterfaceUuid: 	{00000134-0000-0000-c000-000000000046} 	OpNum: 	0x5 	Protocol: 	LRPC 	NetworkAddress 	NULL 	Endpoint 	OLE6DAE6D441C6DB15C9F7165B5F42F 	Binding Options 	NULL 	Authentication Level 	Packet Privacy 	Authentication Service 	Kernel Impersonation Level 	Identify"
Information	8/17/2021 7:26:59 AM	Microsoft-Windows-RPC	6	(2)	"Server RPC call started. 	InterfaceUuid: 	{4d10b48b-c531-4731-9bde-b03c28e9c61c} 	OpNum: 	0xB 	Protocol: 	LRPC 	Endpoint 	OLE6DAE6D441C6DB15C9F7165B5F42F 	Authentication Level 	Packet Privacy 	Authentication Service 	Kernel"
Information	8/17/2021 7:26:59 AM	Microsoft-Windows-RPC	5	(1)	"Client RPC call started. 	InterfaceUuid: 	{4d10b48b-c531-4731-9bde-b03c28e9c61c} 	OpNum: 	0xB 	Protocol: 	LRPC 	NetworkAddress 	NULL 	Endpoint 	OLE6DAE6D441C6DB15C9F7165B5F42F 	Binding Options 	NULL 	Authentication Level 	Packet Privacy 	Authentication Service 	Kernel Impersonation Level 	Identify"
Information	8/17/2021 7:26:59 AM	Microsoft-Windows-RPC	6	(2)	"Server RPC call started. 	InterfaceUuid: 	{a1b7de7a-4e77-43db-ae78-96fc182fed4a} 	OpNum: 	0x13 	Protocol: 	LRPC 	Endpoint 	OLE9FF44EB366DDC413A5E3AE131888 	Authentication Level 	Packet Privacy 	Authentication Service 	Kernel"
Information	8/17/2021 7:26:59 AM	Microsoft-Windows-RPC	5	(1)	"Client RPC call started. 	InterfaceUuid: 	{a1b7de7a-4e77-43db-ae78-96fc182fed4a} 	OpNum: 	0x13 	Protocol: 	LRPC 	NetworkAddress 	NULL 	Endpoint 	OLE9FF44EB366DDC413A5E3AE131888 	Binding Options 	NULL 	Authentication Level 	Packet Privacy 	Authentication Service 	Kernel Impersonation Level 	Identify"
Information	8/17/2021 7:26:59 AM	Microsoft-Windows-RPC	6	(2)	"Server RPC call started. 	InterfaceUuid: 	{959c5a99-177c-478e-8c3b-77e07e9bf3aa} 	OpNum: 	0x3 	Protocol: 	LRPC 	Endpoint 	OLE9FF44EB366DDC413A5E3AE131888 	Authentication Level 	Packet Privacy 	Authentication Service 	Kernel"
Information	8/17/2021 7:26:59 AM	Microsoft-Windows-RPC	5	(1)	"Client RPC call started. 	InterfaceUuid: 	{959c5a99-177c-478e-8c3b-77e07e9bf3aa} 	OpNum: 	0x3 	Protocol: 	LRPC 	NetworkAddress 	NULL 	Endpoint 	OLE9FF44EB366DDC413A5E3AE131888 	Binding Options 	NULL 	Authentication Level 	Packet Privacy 	Authentication Service 	Kernel Impersonation Level 	Identify"
Information	8/17/2021 7:26:59 AM	Microsoft-Windows-RPC	6	(2)	"Server RPC call started. 	InterfaceUuid: 	{bde95fdf-eee0-45de-9e12-e5a61cd0d4fe} 	OpNum: 	0x9 	Protocol: 	LRPC 	Endpoint 	TermSrvApi 	Authentication Level 	Packet Privacy 	Authentication Service 	Kernel"
Information	8/17/2021 7:26:59 AM	Microsoft-Windows-RPC	5	(1)	"Client RPC call started. 	InterfaceUuid: 	{bde95fdf-eee0-45de-9e12-e5a61cd0d4fe} 	OpNum: 	0x9 	Protocol: 	LRPC 	NetworkAddress 	NULL 	Endpoint 	TermSrvApi 	Binding Options 	NULL 	Authentication Level 	Packet Privacy 	Authentication Service 	Kernel Impersonation Level 	Impersonate"
Information	8/17/2021 7:26:59 AM	Microsoft-Windows-RPC	6	(2)	"Server RPC call started. 	InterfaceUuid: 	{484809d6-4239-471b-b5bc-61df8c23ac48} 	OpNum: 	0xC 	Protocol: 	LRPC 	Endpoint 	LSMApi 	Authentication Level 	Packet Privacy 	Authentication Service 	Kernel"
Information	8/17/2021 7:26:59 AM	Microsoft-Windows-RPC	5	(1)	"Client RPC call started. 	InterfaceUuid: 	{484809d6-4239-471b-b5bc-61df8c23ac48} 	OpNum: 	0xC 	Protocol: 	LRPC 	NetworkAddress 	NULL 	Endpoint 	LSMApi 	Binding Options 	NULL 	Authentication Level 	Packet Privacy 	Authentication Service 	Kernel Impersonation Level 	Impersonate"
Information	8/17/2021 7:26:59 AM	Microsoft-Windows-RPC	6	(2)	"Server RPC call started. 	InterfaceUuid: 	{88143fd0-c28d-4b2b-8fef-8d882f6a9390} 	OpNum: 	0x1 	Protocol: 	LRPC 	Endpoint 	LSMApi 	Authentication Level 	Packet Privacy 	Authentication Service 	Kernel"
Information	8/17/2021 7:26:59 AM	Microsoft-Windows-RPC	5	(1)	"Client RPC call started. 	InterfaceUuid: 	{88143fd0-c28d-4b2b-8fef-8d882f6a9390} 	OpNum: 	0x1 	Protocol: 	LRPC 	NetworkAddress 	NULL 	Endpoint 	LSMApi 	Binding Options 	NULL 	Authentication Level 	Packet Privacy 	Authentication Service 	Kernel Impersonation Level 	Impersonate"
Information	8/17/2021 7:26:59 AM	Microsoft-Windows-RPC	6	(2)	"Server RPC call started. 	InterfaceUuid: 	{bde95fdf-eee0-45de-9e12-e5a61cd0d4fe} 	OpNum: 	0x8 	Protocol: 	LRPC 	Endpoint 	TermSrvApi 	Authentication Level 	Packet Privacy 	Authentication Service 	Kernel"
Information	8/17/2021 7:26:59 AM	Microsoft-Windows-RPC	5	(1)	"Client RPC call started. 	InterfaceUuid: 	{bde95fdf-eee0-45de-9e12-e5a61cd0d4fe} 	OpNum: 	0x8 	Protocol: 	LRPC 	NetworkAddress 	NULL 	Endpoint 	TermSrvApi 	Binding Options 	NULL 	Authentication Level 	Packet Privacy 	Authentication Service 	Kernel Impersonation Level 	Impersonate"
Information	8/17/2021 7:26:59 AM	Microsoft-Windows-RPC	6	(2)	"Server RPC call started. 	InterfaceUuid: 	{88143fd0-c28d-4b2b-8fef-8d882f6a9390} 	OpNum: 	0x5 	Protocol: 	LRPC 	Endpoint 	LSMApi 	Authentication Level 	Packet Privacy 	Authentication Service 	Kernel"
Information	8/17/2021 7:26:59 AM	Microsoft-Windows-RPC	5	(1)	"Client RPC call started. 	InterfaceUuid: 	{88143fd0-c28d-4b2b-8fef-8d882f6a9390} 	OpNum: 	0x5 	Protocol: 	LRPC 	NetworkAddress 	NULL 	Endpoint 	LSMApi 	Binding Options 	NULL 	Authentication Level 	Packet Privacy 	Authentication Service 	Kernel Impersonation Level 	Impersonate"
Information	8/17/2021 7:26:59 AM	Microsoft-Windows-RPC	6	(2)	"Server RPC call started. 	InterfaceUuid: 	{88143fd0-c28d-4b2b-8fef-8d882f6a9390} 	OpNum: 	0x0 	Protocol: 	LRPC 	Endpoint 	LSMApi 	Authentication Level 	Packet Privacy 	Authentication Service 	Kernel"
Information	8/17/2021 7:26:59 AM	Microsoft-Windows-RPC	5	(1)	"Client RPC call started. 	InterfaceUuid: 	{88143fd0-c28d-4b2b-8fef-8d882f6a9390} 	OpNum: 	0x0 	Protocol: 	LRPC 	NetworkAddress 	NULL 	Endpoint 	LSMApi 	Binding Options 	NULL 	Authentication Level 	Packet Privacy 	Authentication Service 	Kernel Impersonation Level 	Impersonate"
Information	8/17/2021 7:26:59 AM	Microsoft-Windows-RPC	6	(2)	"Server RPC call started. 	InterfaceUuid: 	{00000134-0000-0000-c000-000000000046} 	OpNum: 	0x5 	Protocol: 	LRPC 	Endpoint 	OLE9FF44EB366DDC413A5E3AE131888 	Authentication Level 	Packet Privacy 	Authentication Service 	Kernel"
Information	8/17/2021 7:26:59 AM	Microsoft-Windows-RPC	5	(1)	"Client RPC call started. 	InterfaceUuid: 	{00000134-0000-0000-c000-000000000046} 	OpNum: 	0x5 	Protocol: 	LRPC 	NetworkAddress 	NULL 	Endpoint 	OLE9FF44EB366DDC413A5E3AE131888 	Binding Options 	NULL 	Authentication Level 	Packet Privacy 	Authentication Service 	Kernel Impersonation Level 	Identify"
Information	8/17/2021 7:26:59 AM	Microsoft-Windows-RPC	6	(2)	"Server RPC call started. 	InterfaceUuid: 	{00000134-0000-0000-c000-000000000046} 	OpNum: 	0x3 	Protocol: 	LRPC 	Endpoint 	OLE9FF44EB366DDC413A5E3AE131888 	Authentication Level 	Packet Privacy 	Authentication Service 	Kernel"
